<?xml version="1.0" encoding="UTF-8"?>
<robot generator="Robot 7.4.1 (Python 3.14.0 on darwin)" generated="2026-02-17T22:24:09.039827" rpa="false" schemaversion="5">
<suite id="s1" name="Invalid Input Expiredate" source="/Users/jengcharat/Desktop/SoftwareEn_Group2/Project/PaiNamNaeWebApp/test/blacklist_test/invalid_input_expiredate.robot">
<test id="s1-t1" name="Addblacklist Invalid no expiredate" line="6">
<kw name="Open Browser To Login Page" owner="resource">
<kw name="Open Browser" owner="SeleniumLibrary">
<msg time="2026-02-17T22:24:09.161885" level="INFO">Opening browser 'Chrome' to base url 'http://10.198.200.88:3013/login'.</msg>
<arg>${LOGIN URL}</arg>
<arg>${BROWSER}</arg>
<doc>Opens a new browser instance to the optional ``url``.</doc>
<status status="PASS" start="2026-02-17T22:24:09.161757" elapsed="10.648900"/>
</kw>
<kw name="Maximize Browser Window" owner="SeleniumLibrary">
<doc>Maximizes current browser window.</doc>
<status status="PASS" start="2026-02-17T22:24:19.811565" elapsed="0.362163"/>
</kw>
<kw name="Set Selenium Speed" owner="SeleniumLibrary">
<arg>${DELAY}</arg>
<doc>Sets the delay that is waited after each Selenium command.</doc>
<status status="PASS" start="2026-02-17T22:24:20.173882" elapsed="0.001073"/>
</kw>
<kw name="Login Page Should Be Open" owner="resource">
<kw name="Title Should Be" owner="SeleniumLibrary">
<msg time="2026-02-17T22:24:20.199579" level="INFO">Page title is 'ไปนำแหน่'.</msg>
<arg>ไปนำแหน่</arg>
<doc>Verifies that the current page title equals ``title``.</doc>
<status status="PASS" start="2026-02-17T22:24:20.176041" elapsed="0.023620"/>
</kw>
<status status="PASS" start="2026-02-17T22:24:20.175725" elapsed="0.024011"/>
</kw>
<status status="PASS" start="2026-02-17T22:24:09.161353" elapsed="11.038431"/>
</kw>
<kw name="Logout" owner="resource">
<kw name="Delete All Cookies" owner="SeleniumLibrary">
<doc>Deletes all cookies.</doc>
<status status="PASS" start="2026-02-17T22:24:20.203184" elapsed="0.010097"/>
</kw>
<kw name="Go To" owner="SeleniumLibrary">
<msg time="2026-02-17T22:24:20.213646" level="INFO">Opening url 'http://10.198.200.88:3013/login'</msg>
<arg>${LOGIN_URL}</arg>
<doc>Navigates the current browser window to the provided ``url``.</doc>
<status status="PASS" start="2026-02-17T22:24:20.213516" elapsed="0.814784"/>
</kw>
<status status="PASS" start="2026-02-17T22:24:20.201803" elapsed="0.826582"/>
</kw>
<kw name="Input Username" owner="resource">
<kw name="Input Text" owner="SeleniumLibrary">
<msg time="2026-02-17T22:24:21.030508" level="INFO">Typing text 'admin1' into text field 'id:identifier'.</msg>
<arg>id:identifier</arg>
<arg>${username}</arg>
<doc>Types the given ``text`` into the text field identified by ``locator``.</doc>
<status status="PASS" start="2026-02-17T22:24:21.030052" elapsed="0.166417"/>
</kw>
<arg>admin1</arg>
<status status="PASS" start="2026-02-17T22:24:21.028560" elapsed="0.167989"/>
</kw>
<kw name="Input Password" owner="resource">
<kw name="Input Text" owner="SeleniumLibrary">
<msg time="2026-02-17T22:24:21.196992" level="INFO">Typing text '12345678' into text field 'id:password'.</msg>
<arg>id:password</arg>
<arg>${password}</arg>
<doc>Types the given ``text`` into the text field identified by ``locator``.</doc>
<status status="PASS" start="2026-02-17T22:24:21.196864" elapsed="0.068773"/>
</kw>
<arg>12345678</arg>
<status status="PASS" start="2026-02-17T22:24:21.196699" elapsed="0.069036"/>
</kw>
<kw name="Submit Login" owner="resource">
<kw name="Click Button" owner="SeleniumLibrary">
<msg time="2026-02-17T22:24:21.270606" level="INFO">Clicking button 'xpath://button[@type="submit"]'.</msg>
<arg>xpath://button[@type="submit"]</arg>
<doc>Clicks the button identified by ``locator``.</doc>
<status status="PASS" start="2026-02-17T22:24:21.266571" elapsed="0.052214"/>
</kw>
<status status="PASS" start="2026-02-17T22:24:21.266263" elapsed="0.052592"/>
</kw>
<kw name="Wait Until Location Contains" owner="SeleniumLibrary">
<arg>${SERVER}</arg>
<arg>10s</arg>
<doc>Waits until the current URL contains ``expected``.</doc>
<status status="PASS" start="2026-02-17T22:24:21.318973" elapsed="0.001933"/>
</kw>
<kw name="Open Blacklist Page" owner="resource">
<kw name="Go To" owner="SeleniumLibrary">
<msg time="2026-02-17T22:24:21.321248" level="INFO">Opening url 'http://10.198.200.88:3013/admin/blacklist'</msg>
<arg>${BLACKLIST URL}</arg>
<doc>Navigates the current browser window to the provided ``url``.</doc>
<status status="PASS" start="2026-02-17T22:24:21.321181" elapsed="1.865541"/>
</kw>
<kw name="Wait Until Page Contains" owner="SeleniumLibrary">
<arg>Blacklist Management</arg>
<arg>5s</arg>
<doc>Waits until ``text`` appears on the current page.</doc>
<status status="PASS" start="2026-02-17T22:24:23.186857" elapsed="0.009942"/>
</kw>
<kw name="Title Should Be" owner="SeleniumLibrary">
<msg time="2026-02-17T22:24:23.198506" level="INFO">Page title is 'TailAdmin Dashboard'.</msg>
<arg>TailAdmin Dashboard</arg>
<doc>Verifies that the current page title equals ``title``.</doc>
<status status="PASS" start="2026-02-17T22:24:23.196905" elapsed="0.001713"/>
</kw>
<status status="PASS" start="2026-02-17T22:24:21.321049" elapsed="1.877714"/>
</kw>
<kw name="Input Blacklist Form without expiredate" owner="resource">
<kw name="Evaluate" owner="BuiltIn">
<msg time="2026-02-17T22:24:23.203819" level="INFO">${expire} = 19-02-2026</msg>
<var>${expire}</var>
<arg>(__import__('datetime').datetime.now() + __import__('datetime').timedelta(days=2)).strftime("%d-%m-%Y")</arg>
<doc>Evaluates the given expression in Python and returns the result.</doc>
<status status="PASS" start="2026-02-17T22:24:23.199540" elapsed="0.004311"/>
</kw>
<kw name="Wait Until Element Is Visible" owner="SeleniumLibrary">
<arg>xpath=//input[@placeholder="1234567890123"]</arg>
<arg>10s</arg>
<doc>Waits until the element ``locator`` is visible.</doc>
<status status="PASS" start="2026-02-17T22:24:23.203956" elapsed="0.011037"/>
</kw>
<kw name="Input Text" owner="SeleniumLibrary">
<msg time="2026-02-17T22:24:23.215267" level="INFO">Typing text '1111111111111' into text field 'xpath=//input[@placeholder="1234567890123"]'.</msg>
<arg>xpath=//input[@placeholder="1234567890123"]</arg>
<arg>1111111111111</arg>
<doc>Types the given ``text`` into the text field identified by ``locator``.</doc>
<status status="PASS" start="2026-02-17T22:24:23.215107" elapsed="0.032464"/>
</kw>
<kw name="Sleep" owner="BuiltIn">
<msg time="2026-02-17T22:24:26.248702" level="INFO">Slept 3 seconds.</msg>
<arg>3s</arg>
<doc>Pauses the test executed for the given time.</doc>
<status status="PASS" start="2026-02-17T22:24:23.247697" elapsed="3.001505"/>
</kw>
<kw name="Wait Until Element Is Visible" owner="SeleniumLibrary">
<arg>xpath=//input[@placeholder="Fraud / Abuse"]</arg>
<arg>10s</arg>
<doc>Waits until the element ``locator`` is visible.</doc>
<status status="PASS" start="2026-02-17T22:24:26.249861" elapsed="0.025232"/>
</kw>
<kw name="Input Text" owner="SeleniumLibrary">
<msg time="2026-02-17T22:24:26.275654" level="INFO">Typing text 'add blacklist test' into text field 'xpath=//input[@placeholder="Fraud / Abuse"]'.</msg>
<arg>xpath=//input[@placeholder="Fraud / Abuse"]</arg>
<arg>add blacklist test</arg>
<doc>Types the given ``text`` into the text field identified by ``locator``.</doc>
<status status="PASS" start="2026-02-17T22:24:26.275366" elapsed="0.053227"/>
</kw>
<kw name="Sleep" owner="BuiltIn">
<msg time="2026-02-17T22:24:29.330962" level="INFO">Slept 3 seconds.</msg>
<arg>3s</arg>
<doc>Pauses the test executed for the given time.</doc>
<status status="PASS" start="2026-02-17T22:24:26.328711" elapsed="3.002568"/>
</kw>
<kw name="Input Text" owner="SeleniumLibrary">
<msg time="2026-02-17T22:24:29.332373" level="INFO">Typing text '' into text field 'xpath://input[@type="date"]'.</msg>
<arg>xpath://input[@type="date"]</arg>
<arg>${EMPTY}</arg>
<doc>Types the given ``text`` into the text field identified by ``locator``.</doc>
<status status="PASS" start="2026-02-17T22:24:29.331648" elapsed="0.036900"/>
</kw>
<status status="PASS" start="2026-02-17T22:24:23.199263" elapsed="6.169360"/>
</kw>
<kw name="Submit Blacklist" owner="resource">
<kw name="Click Button" owner="SeleniumLibrary">
<msg time="2026-02-17T22:24:29.369060" level="INFO">Clicking button 'xpath=//button[contains(.,"เพิ่ม Blacklist")]'.</msg>
<arg>xpath=//button[contains(.,"เพิ่ม Blacklist")]</arg>
<doc>Clicks the button identified by ``locator``.</doc>
<status status="PASS" start="2026-02-17T22:24:29.368949" elapsed="0.039154"/>
</kw>
<status status="PASS" start="2026-02-17T22:24:29.368765" elapsed="0.039420"/>
</kw>
<kw name="Blacklist noexpiredate Should Be Visible" owner="resource">
<kw name="Wait Until Page Contains" owner="SeleniumLibrary">
<arg>กรุณากรอก National ID และ Expire Date</arg>
<arg>10s</arg>
<doc>Waits until ``text`` appears on the current page.</doc>
<status status="PASS" start="2026-02-17T22:24:29.408673" elapsed="0.011893"/>
</kw>
<status status="PASS" start="2026-02-17T22:24:29.408426" elapsed="0.012217"/>
</kw>
<kw name="Logout" owner="resource">
<kw name="Delete All Cookies" owner="SeleniumLibrary">
<doc>Deletes all cookies.</doc>
<status status="PASS" start="2026-02-17T22:24:29.420944" elapsed="0.006881"/>
</kw>
<kw name="Go To" owner="SeleniumLibrary">
<msg time="2026-02-17T22:24:29.428035" level="INFO">Opening url 'http://10.198.200.88:3013/login'</msg>
<arg>${LOGIN_URL}</arg>
<doc>Navigates the current browser window to the provided ``url``.</doc>
<status status="PASS" start="2026-02-17T22:24:29.427928" elapsed="0.292905"/>
</kw>
<status status="PASS" start="2026-02-17T22:24:29.420791" elapsed="0.300132"/>
</kw>
<kw name="Close Browser" owner="SeleniumLibrary" type="TEARDOWN">
<doc>Closes the current browser.</doc>
<status status="PASS" start="2026-02-17T22:24:29.721499" elapsed="0.127656"/>
</kw>
<status status="PASS" start="2026-02-17T22:24:09.160996" elapsed="20.688251"/>
</test>
<doc>A test suite with a single test for valid login.</doc>
<status status="PASS" start="2026-02-17T22:24:09.040997" elapsed="20.808644"/>
</suite>
<statistics>
<total>
<stat pass="1" fail="0" skip="0">All Tests</stat>
</total>
<tag>
</tag>
<suite>
<stat name="Invalid Input Expiredate" id="s1" pass="1" fail="0" skip="0">Invalid Input Expiredate</stat>
</suite>
</statistics>
<errors>
</errors>
</robot>
