<?xml version="1.0" encoding="UTF-8"?>
<robot generator="Robot 7.4.2 (Python 3.9.6 on darwin)" generated="2026-03-17T21:49:11.280735" rpa="false" schemaversion="5">
<suite id="s1" name="UAT-PBL19-006" source="/Users/jengcharat/Desktop/softwareEN_real/SoftwareEn_Group2/Project/PaiNamNaeWebApp/test/sprint3/test_code/Robot_Test/PBL19/UAT-PBL19-006.robot">
<test id="s1-t1" name="TC5.1 Login Wrong Password Once" line="11">
<kw name="Open Browser" owner="SeleniumLibrary">
<msg time="2026-03-17T21:49:11.408895" level="INFO">Opening browser 'Chrome' to base url 'https://csse0269.cpkku.com/login'.</msg>
<arg>${URL}</arg>
<arg>${BROWSER}</arg>
<doc>Opens a new browser instance to the optional ``url``.</doc>
<status status="PASS" start="2026-03-17T21:49:11.408728" elapsed="2.306652"/>
</kw>
<kw name="Maximize Browser Window" owner="SeleniumLibrary">
<doc>Maximizes current browser window.</doc>
<status status="PASS" start="2026-03-17T21:49:13.716001" elapsed="0.384879"/>
</kw>
<kw name="Wait Until Element Is Visible" owner="SeleniumLibrary">
<arg>id=identifier</arg>
<arg>10s</arg>
<doc>Waits until the element ``locator`` is visible.</doc>
<status status="PASS" start="2026-03-17T21:49:14.101151" elapsed="0.018115"/>
</kw>
<kw name="Input Text" owner="SeleniumLibrary">
<msg time="2026-03-17T21:49:14.119692" level="INFO">Typing text 'user17' into text field 'id=identifier'.</msg>
<arg>id=identifier</arg>
<arg>${USERNAME}</arg>
<doc>Types the given ``text`` into the text field identified by ``locator``.</doc>
<status status="PASS" start="2026-03-17T21:49:14.119459" elapsed="0.093819"/>
</kw>
<kw name="Input Text" owner="SeleniumLibrary">
<msg time="2026-03-17T21:49:14.213667" level="INFO">Typing text '12345678905675' into text field 'id=password'.</msg>
<arg>id=password</arg>
<arg>${PASSWORD}</arg>
<doc>Types the given ``text`` into the text field identified by ``locator``.</doc>
<status status="PASS" start="2026-03-17T21:49:14.213462" elapsed="0.037848"/>
</kw>
<kw name="Click Button" owner="SeleniumLibrary">
<msg time="2026-03-17T21:49:14.251668" level="INFO">Clicking button 'xpath=//button[@type='submit']'.</msg>
<arg>xpath=//button[@type='submit']</arg>
<doc>Clicks the button identified by ``locator``.</doc>
<status status="PASS" start="2026-03-17T21:49:14.251503" elapsed="0.041595"/>
</kw>
<kw name="Wait Until Page Contains" owner="SeleniumLibrary">
<arg>บัญชีถูกล็อก กรุณาลองใหม่อีก 1 นาที</arg>
<arg>10s</arg>
<doc>Waits until ``text`` appears on the current page.</doc>
<status status="PASS" start="2026-03-17T21:49:14.293281" elapsed="0.651354"/>
</kw>
<kw name="Page Should Contain" owner="SeleniumLibrary">
<msg time="2026-03-17T21:49:14.957499" level="INFO">Current page contains text 'บัญชีถูกล็อก กรุณาลองใหม่อีก 1 นาที'.</msg>
<arg>บัญชีถูกล็อก กรุณาลองใหม่อีก 1 นาที</arg>
<doc>Verifies that current page contains ``text``.</doc>
<status status="PASS" start="2026-03-17T21:49:14.945027" elapsed="0.012616"/>
</kw>
<kw name="Close Browser" owner="SeleniumLibrary">
<doc>Closes the current browser.</doc>
<status status="PASS" start="2026-03-17T21:49:14.957949" elapsed="0.098740"/>
</kw>
<status status="PASS" start="2026-03-17T21:49:11.408068" elapsed="3.648859"/>
</test>
<status status="PASS" start="2026-03-17T21:49:11.281844" elapsed="3.775471"/>
</suite>
<statistics>
<total>
<stat pass="1" fail="0" skip="0">All Tests</stat>
</total>
<tag>
</tag>
<suite>
<stat name="UAT-PBL19-006" id="s1" pass="1" fail="0" skip="0">UAT-PBL19-006</stat>
</suite>
</statistics>
<errors>
</errors>
</robot>
