<?xml version="1.0" encoding="UTF-8"?>
<robot generator="Robot 7.4.2 (Python 3.9.6 on darwin)" generated="2026-03-17T21:09:33.176246" rpa="false" schemaversion="5">
<suite id="s1" name="UAT-PBL19-001" source="/Users/jengcharat/Desktop/softwareEN_real/SoftwareEn_Group2/Project/PaiNamNaeWebApp/test/sprint3/test_code/Robot_Test/PBL19/UAT-PBL19-001.robot">
<test id="s1-t1" name="UAT-PBL15-001 Cannot Submit Review Without Rating" line="12">
<kw name="Open Browser" owner="SeleniumLibrary">
<msg time="2026-03-17T21:09:33.304488" level="INFO">Opening browser 'Chrome' to base url 'https://csse0269.cpkku.com/login'.</msg>
<arg>${URL}</arg>
<arg>${BROWSER}</arg>
<doc>Opens a new browser instance to the optional ``url``.</doc>
<status status="PASS" start="2026-03-17T21:09:33.304317" elapsed="2.911010"/>
</kw>
<kw name="Maximize Browser Window" owner="SeleniumLibrary">
<doc>Maximizes current browser window.</doc>
<status status="PASS" start="2026-03-17T21:09:36.216331" elapsed="0.378151"/>
</kw>
<kw name="Wait Until Element Is Visible" owner="SeleniumLibrary">
<arg>id=identifier</arg>
<arg>10s</arg>
<doc>Waits until the element ``locator`` is visible.</doc>
<status status="PASS" start="2026-03-17T21:09:36.594738" elapsed="0.020256"/>
</kw>
<kw name="Input Text" owner="SeleniumLibrary">
<msg time="2026-03-17T21:09:36.615443" level="INFO">Typing text 'user13' into text field 'id=identifier'.</msg>
<arg>id=identifier</arg>
<arg>${USERNAME}</arg>
<doc>Types the given ``text`` into the text field identified by ``locator``.</doc>
<status status="PASS" start="2026-03-17T21:09:36.615191" elapsed="0.103007"/>
</kw>
<kw name="Input Text" owner="SeleniumLibrary">
<msg time="2026-03-17T21:09:36.718604" level="INFO">Typing text '12345678' into text field 'id=password'.</msg>
<arg>id=password</arg>
<arg>${PASSWORD}</arg>
<doc>Types the given ``text`` into the text field identified by ``locator``.</doc>
<status status="PASS" start="2026-03-17T21:09:36.718392" elapsed="0.035502"/>
</kw>
<kw name="Sleep" owner="BuiltIn">
<msg time="2026-03-17T21:09:37.257561" level="INFO">Slept 500 milliseconds.</msg>
<arg>0.5s</arg>
<doc>Pauses the test executed for the given time.</doc>
<status status="PASS" start="2026-03-17T21:09:36.754078" elapsed="0.504252"/>
</kw>
<kw name="Click Button" owner="SeleniumLibrary">
<msg time="2026-03-17T21:09:37.260122" level="INFO">Clicking button 'xpath=//button[@type='submit']'.</msg>
<arg>xpath=//button[@type='submit']</arg>
<doc>Clicks the button identified by ``locator``.</doc>
<status status="PASS" start="2026-03-17T21:09:37.259083" elapsed="0.079707"/>
</kw>
<kw name="Wait Until Page Does Not Contain Element" owner="SeleniumLibrary">
<arg>id=identifier</arg>
<arg>10s</arg>
<doc>Waits until the element ``locator`` disappears from the current page.</doc>
<status status="PASS" start="2026-03-17T21:09:37.338995" elapsed="0.640134"/>
</kw>
<kw name="Sleep" owner="BuiltIn">
<msg time="2026-03-17T21:09:38.482738" level="INFO">Slept 500 milliseconds.</msg>
<arg>0.5s</arg>
<doc>Pauses the test executed for the given time.</doc>
<status status="PASS" start="2026-03-17T21:09:37.980288" elapsed="0.502883"/>
</kw>
<kw name="Close Browser" owner="SeleniumLibrary">
<doc>Closes the current browser.</doc>
<status status="PASS" start="2026-03-17T21:09:38.484269" elapsed="0.080773"/>
</kw>
<status status="PASS" start="2026-03-17T21:09:33.303650" elapsed="5.261664"/>
</test>
<status status="PASS" start="2026-03-17T21:09:33.177281" elapsed="5.388436"/>
</suite>
<statistics>
<total>
<stat pass="1" fail="0" skip="0">All Tests</stat>
</total>
<tag>
</tag>
<suite>
<stat name="UAT-PBL19-001" id="s1" pass="1" fail="0" skip="0">UAT-PBL19-001</stat>
</suite>
</statistics>
<errors>
</errors>
</robot>
