<?xml version="1.0" encoding="UTF-8"?>
<robot generator="Robot 7.4.2 (Python 3.9.6 on darwin)" generated="2026-03-17T21:47:42.010177" rpa="false" schemaversion="5">
<suite id="s1" name="UAT-PBL19-005" source="/Users/jengcharat/Desktop/softwareEN_real/SoftwareEn_Group2/Project/PaiNamNaeWebApp/test/sprint3/test_code/Robot_Test/PBL19/UAT-PBL19-005.robot">
<test id="s1-t1" name="TC5.1 Login Wrong Password Once" line="11">
<kw name="Open Browser" owner="SeleniumLibrary">
<msg time="2026-03-17T21:47:42.142165" level="INFO">Opening browser 'Chrome' to base url 'https://csse0269.cpkku.com/login'.</msg>
<arg>${URL}</arg>
<arg>${BROWSER}</arg>
<doc>Opens a new browser instance to the optional ``url``.</doc>
<status status="PASS" start="2026-03-17T21:47:42.141994" elapsed="2.467433"/>
</kw>
<kw name="Maximize Browser Window" owner="SeleniumLibrary">
<doc>Maximizes current browser window.</doc>
<status status="PASS" start="2026-03-17T21:47:44.610020" elapsed="0.384814"/>
</kw>
<kw name="Wait Until Element Is Visible" owner="SeleniumLibrary">
<arg>id=identifier</arg>
<arg>10s</arg>
<doc>Waits until the element ``locator`` is visible.</doc>
<status status="PASS" start="2026-03-17T21:47:44.995047" elapsed="0.023102"/>
</kw>
<kw name="Input Text" owner="SeleniumLibrary">
<msg time="2026-03-17T21:47:45.018653" level="INFO">Typing text 'user17' into text field 'id=identifier'.</msg>
<arg>id=identifier</arg>
<arg>${USERNAME}</arg>
<doc>Types the given ``text`` into the text field identified by ``locator``.</doc>
<status status="PASS" start="2026-03-17T21:47:45.018384" elapsed="0.123201"/>
</kw>
<kw name="Input Text" owner="SeleniumLibrary">
<msg time="2026-03-17T21:47:45.142006" level="INFO">Typing text '12345678905675' into text field 'id=password'.</msg>
<arg>id=password</arg>
<arg>${PASSWORD}</arg>
<doc>Types the given ``text`` into the text field identified by ``locator``.</doc>
<status status="PASS" start="2026-03-17T21:47:45.141790" elapsed="0.055617"/>
</kw>
<kw name="Click Button" owner="SeleniumLibrary">
<msg time="2026-03-17T21:47:45.197842" level="INFO">Clicking button 'xpath=//button[@type='submit']'.</msg>
<arg>xpath=//button[@type='submit']</arg>
<doc>Clicks the button identified by ``locator``.</doc>
<status status="PASS" start="2026-03-17T21:47:45.197655" elapsed="0.066961"/>
</kw>
<kw name="Wait Until Page Contains" owner="SeleniumLibrary">
<arg>รหัสผ่านไม่ถูกต้อง เหลืออีก 1 ครั้งก่อนถูกล็อก</arg>
<arg>10s</arg>
<doc>Waits until ``text`` appears on the current page.</doc>
<status status="PASS" start="2026-03-17T21:47:45.264809" elapsed="0.651474"/>
</kw>
<kw name="Page Should Contain" owner="SeleniumLibrary">
<msg time="2026-03-17T21:47:45.928790" level="INFO">Current page contains text 'รหัสผ่านไม่ถูกต้อง เหลืออีก 1 ครั้งก่อนถูกล็อก'.</msg>
<arg>รหัสผ่านไม่ถูกต้อง เหลืออีก 1 ครั้งก่อนถูกล็อก</arg>
<doc>Verifies that current page contains ``text``.</doc>
<status status="PASS" start="2026-03-17T21:47:45.916699" elapsed="0.012234"/>
</kw>
<kw name="Close Browser" owner="SeleniumLibrary">
<doc>Closes the current browser.</doc>
<status status="PASS" start="2026-03-17T21:47:45.929245" elapsed="0.071948"/>
</kw>
<status status="PASS" start="2026-03-17T21:47:42.141332" elapsed="3.860100"/>
</test>
<status status="PASS" start="2026-03-17T21:47:42.010869" elapsed="3.990978"/>
</suite>
<statistics>
<total>
<stat pass="1" fail="0" skip="0">All Tests</stat>
</total>
<tag>
</tag>
<suite>
<stat name="UAT-PBL19-005" id="s1" pass="1" fail="0" skip="0">UAT-PBL19-005</stat>
</suite>
</statistics>
<errors>
</errors>
</robot>
