<?xml version="1.0" encoding="UTF-8"?>
<robot generator="Robot 7.4.2 (Python 3.9.6 on darwin)" generated="2026-03-17T22:09:17.778203" rpa="false" schemaversion="5">
<suite id="s1" name="UAT-PBL15-004" source="/Users/jengcharat/Desktop/softwareEN_real/SoftwareEn_Group2/Project/PaiNamNaeWebApp/test/sprint3/test_code/Robot_Test/PBL15/UAT-PBL15-004.robot">
<test id="s1-t1" name="UAT-PBL15-004 Submit Review Successfully" line="12">
<kw name="Open Browser" owner="SeleniumLibrary">
<msg time="2026-03-17T22:09:17.907409" level="INFO">Opening browser 'Chrome' to base url 'https://csse0269.cpkku.com/login'.</msg>
<arg>${URL}</arg>
<arg>${BROWSER}</arg>
<doc>Opens a new browser instance to the optional ``url``.</doc>
<status status="PASS" start="2026-03-17T22:09:17.907241" elapsed="2.735875"/>
</kw>
<kw name="Maximize Browser Window" owner="SeleniumLibrary">
<doc>Maximizes current browser window.</doc>
<status status="PASS" start="2026-03-17T22:09:20.643735" elapsed="0.377752"/>
</kw>
<kw name="Wait Until Element Is Visible" owner="SeleniumLibrary">
<arg>id=identifier</arg>
<arg>10s</arg>
<doc>Waits until the element ``locator`` is visible.</doc>
<status status="PASS" start="2026-03-17T22:09:21.021767" elapsed="0.017511"/>
</kw>
<kw name="Input Text" owner="SeleniumLibrary">
<msg time="2026-03-17T22:09:21.039753" level="INFO">Typing text 'user13' into text field 'id=identifier'.</msg>
<arg>id=identifier</arg>
<arg>${USERNAME}</arg>
<doc>Types the given ``text`` into the text field identified by ``locator``.</doc>
<status status="PASS" start="2026-03-17T22:09:21.039487" elapsed="0.100717"/>
</kw>
<kw name="Input Text" owner="SeleniumLibrary">
<msg time="2026-03-17T22:09:21.140624" level="INFO">Typing text '12345678' into text field 'id=password'.</msg>
<arg>id=password</arg>
<arg>${PASSWORD}</arg>
<doc>Types the given ``text`` into the text field identified by ``locator``.</doc>
<status status="PASS" start="2026-03-17T22:09:21.140396" elapsed="0.035319"/>
</kw>
<kw name="Click Button" owner="SeleniumLibrary">
<msg time="2026-03-17T22:09:21.176115" level="INFO">Clicking button 'xpath=//button[@type='submit']'.</msg>
<arg>xpath=//button[@type='submit']</arg>
<doc>Clicks the button identified by ``locator``.</doc>
<status status="PASS" start="2026-03-17T22:09:21.175941" elapsed="0.047426"/>
</kw>
<kw name="Wait Until Page Does Not Contain Element" owner="SeleniumLibrary">
<arg>id=identifier</arg>
<arg>10s</arg>
<doc>Waits until the element ``locator`` disappears from the current page.</doc>
<status status="PASS" start="2026-03-17T22:09:21.223568" elapsed="0.642900"/>
</kw>
<kw name="Go To" owner="SeleniumLibrary">
<msg time="2026-03-17T22:09:21.867643" level="INFO">Opening url 'https://csse0269.cpkku.com/myTrip'</msg>
<arg>${MYTRIP_URL}</arg>
<doc>Navigates the current browser window to the provided ``url``.</doc>
<status status="PASS" start="2026-03-17T22:09:21.866974" elapsed="0.183387"/>
</kw>
<kw name="Wait Until Page Contains" owner="SeleniumLibrary">
<arg>การเดินทางของฉัน</arg>
<arg>10s</arg>
<doc>Waits until ``text`` appears on the current page.</doc>
<status status="PASS" start="2026-03-17T22:09:22.050987" elapsed="0.047709"/>
</kw>
<kw name="Click Element" owner="SeleniumLibrary">
<msg time="2026-03-17T22:09:22.099079" level="INFO">Clicking element 'xpath=//button[contains(.,'เสร็จสิ้น')]'.</msg>
<arg>xpath=//button[contains(.,'เสร็จสิ้น')]</arg>
<doc>Click the element identified by ``locator``.</doc>
<status status="PASS" start="2026-03-17T22:09:22.098908" elapsed="0.029746"/>
</kw>
<kw name="Sleep" owner="BuiltIn">
<msg time="2026-03-17T22:09:24.130440" level="INFO">Slept 2 seconds.</msg>
<arg>2s</arg>
<doc>Pauses the test executed for the given time.</doc>
<status status="PASS" start="2026-03-17T22:09:22.128856" elapsed="2.001853"/>
</kw>
<kw name="Wait Until Element Is Visible" owner="SeleniumLibrary">
<msg time="2026-03-17T22:09:34.370812" level="INFO" html="true">&lt;/td&gt;&lt;/tr&gt;&lt;tr&gt;&lt;td colspan="3"&gt;&lt;a href="selenium-screenshot-1.png"&gt;&lt;img src="selenium-screenshot-1.png" width="800px"&gt;&lt;/a&gt;</msg>
<msg time="2026-03-17T22:09:34.371595" level="FAIL">Element 'xpath=//button[contains(.,'ให้คะแนน')]' not visible after 10 seconds.</msg>
<arg>xpath=//button[contains(.,'ให้คะแนน')]</arg>
<arg>10s</arg>
<doc>Waits until the element ``locator`` is visible.</doc>
<status status="FAIL" start="2026-03-17T22:09:24.131204" elapsed="10.247664">Element 'xpath=//button[contains(.,'ให้คะแนน')]' not visible after 10 seconds.</status>
</kw>
<kw name="Click Element" owner="SeleniumLibrary">
<arg>xpath=//button[contains(.,'ให้คะแนน')]</arg>
<doc>Click the element identified by ``locator``.</doc>
<status status="NOT RUN" start="2026-03-17T22:09:34.379366" elapsed="0.000044"/>
</kw>
<kw name="Wait Until Element Is Visible" owner="SeleniumLibrary">
<arg>xpath=//div[contains(@class,'fixed')]</arg>
<arg>10s</arg>
<doc>Waits until the element ``locator`` is visible.</doc>
<status status="NOT RUN" start="2026-03-17T22:09:34.379503" elapsed="0.000020"/>
</kw>
<kw name="Sleep" owner="BuiltIn">
<arg>1s</arg>
<doc>Pauses the test executed for the given time.</doc>
<status status="NOT RUN" start="2026-03-17T22:09:34.379604" elapsed="0.000018"/>
</kw>
<kw name="Wait Until Element Is Visible" owner="SeleniumLibrary">
<arg>xpath=(//div[contains(@class,'fixed')]//button)[5]</arg>
<arg>10s</arg>
<doc>Waits until the element ``locator`` is visible.</doc>
<status status="NOT RUN" start="2026-03-17T22:09:34.379697" elapsed="0.000017"/>
</kw>
<kw name="Click Element" owner="SeleniumLibrary">
<arg>xpath=(//div[contains(@class,'fixed')]//button)[5]</arg>
<doc>Click the element identified by ``locator``.</doc>
<status status="NOT RUN" start="2026-03-17T22:09:34.379789" elapsed="0.000017"/>
</kw>
<kw name="Sleep" owner="BuiltIn">
<arg>1s</arg>
<doc>Pauses the test executed for the given time.</doc>
<status status="NOT RUN" start="2026-03-17T22:09:34.379891" elapsed="0.000017"/>
</kw>
<kw name="Run Keyword And Ignore Error" owner="BuiltIn">
<arg>Input Text</arg>
<arg>xpath=//textarea</arg>
<arg>ดีมากครับ</arg>
<doc>Runs the given keyword with the given arguments and ignores possible error.</doc>
<status status="NOT RUN" start="2026-03-17T22:09:34.380006" elapsed="0.000018"/>
</kw>
<kw name="Wait Until Element Is Visible" owner="SeleniumLibrary">
<arg>xpath=//button[contains(.,'ส่งรีวิว')]</arg>
<arg>10s</arg>
<doc>Waits until the element ``locator`` is visible.</doc>
<status status="NOT RUN" start="2026-03-17T22:09:34.380099" elapsed="0.000017"/>
</kw>
<kw name="Click Button" owner="SeleniumLibrary">
<arg>xpath=//button[contains(.,'ส่งรีวิว')]</arg>
<doc>Clicks the button identified by ``locator``.</doc>
<status status="NOT RUN" start="2026-03-17T22:09:34.380191" elapsed="0.000015"/>
</kw>
<kw name="Sleep" owner="BuiltIn">
<arg>2s</arg>
<doc>Pauses the test executed for the given time.</doc>
<status status="NOT RUN" start="2026-03-17T22:09:34.380272" elapsed="0.000015"/>
</kw>
<kw name="Wait Until Page Contains" owner="SeleniumLibrary">
<arg>รีวิวแล้ว</arg>
<arg>10s</arg>
<doc>Waits until ``text`` appears on the current page.</doc>
<status status="NOT RUN" start="2026-03-17T22:09:34.380354" elapsed="0.000017"/>
</kw>
<kw name="Close Browser" owner="SeleniumLibrary">
<doc>Closes the current browser.</doc>
<status status="NOT RUN" start="2026-03-17T22:09:34.380440" elapsed="0.000016"/>
</kw>
<status status="FAIL" start="2026-03-17T22:09:17.906572" elapsed="16.474057">Element 'xpath=//button[contains(.,'ให้คะแนน')]' not visible after 10 seconds.</status>
</test>
<status status="FAIL" start="2026-03-17T22:09:17.780709" elapsed="16.600287"/>
</suite>
<statistics>
<total>
<stat pass="0" fail="1" skip="0">All Tests</stat>
</total>
<tag>
</tag>
<suite>
<stat name="UAT-PBL15-004" id="s1" pass="0" fail="1" skip="0">UAT-PBL15-004</stat>
</suite>
</statistics>
<errors>
</errors>
</robot>
