<?xml version="1.0" encoding="UTF-8"?>
<robot generator="Robot 7.4.1 (Python 3.14.0 on darwin)" generated="2026-02-17T14:10:53.381574" rpa="false" schemaversion="5">
<suite id="s1" name="Login" source="/Users/jengcharat/Desktop/SoftwareEn_Group2/Project/PaiNamNaeWebApp/test/blacklist_test/login.robot">
<test id="s1-t1" name="Valid Login" line="6">
<kw name="Open Browser To Login Page" owner="resource">
<kw name="Open Browser" owner="SeleniumLibrary">
<msg time="2026-02-17T14:10:53.488625" level="INFO">Opening browser 'Chrome' to base url 'http://10.198.200.88:3013/login'.</msg>
<arg>${LOGIN URL}</arg>
<arg>${BROWSER}</arg>
<doc>Opens a new browser instance to the optional ``url``.</doc>
<status status="PASS" start="2026-02-17T14:10:53.488492" elapsed="2.976822"/>
</kw>
<kw name="Maximize Browser Window" owner="SeleniumLibrary">
<doc>Maximizes current browser window.</doc>
<status status="PASS" start="2026-02-17T14:10:56.466705" elapsed="0.323564"/>
</kw>
<kw name="Set Selenium Speed" owner="SeleniumLibrary">
<arg>${DELAY}</arg>
<doc>Sets the delay that is waited after each Selenium command.</doc>
<status status="PASS" start="2026-02-17T14:10:56.790421" elapsed="0.000281"/>
</kw>
<kw name="Login Page Should Be Open" owner="resource">
<kw name="Title Should Be" owner="SeleniumLibrary">
<msg time="2026-02-17T14:10:56.793533" level="INFO">Page title is 'ไปนำแหน่'.</msg>
<arg>ไปนำแหน่</arg>
<doc>Verifies that the current page title equals ``title``.</doc>
<status status="PASS" start="2026-02-17T14:10:56.791044" elapsed="0.002547"/>
</kw>
<status status="PASS" start="2026-02-17T14:10:56.790846" elapsed="0.002814"/>
</kw>
<status status="PASS" start="2026-02-17T14:10:53.488088" elapsed="3.305609"/>
</kw>
<kw name="Input Username" owner="resource">
<kw name="Input Text" owner="SeleniumLibrary">
<msg time="2026-02-17T14:10:56.794393" level="INFO">Typing text 'admin1' into text field 'id:identifier'.</msg>
<arg>id:identifier</arg>
<arg>${username}</arg>
<doc>Types the given ``text`` into the text field identified by ``locator``.</doc>
<status status="PASS" start="2026-02-17T14:10:56.794086" elapsed="0.097443"/>
</kw>
<arg>admin1</arg>
<status status="PASS" start="2026-02-17T14:10:56.793887" elapsed="0.097770"/>
</kw>
<kw name="Input Password" owner="resource">
<kw name="Input Text" owner="SeleniumLibrary">
<msg time="2026-02-17T14:10:56.892141" level="INFO">Typing text '12345678' into text field 'id:password'.</msg>
<arg>id:password</arg>
<arg>${password}</arg>
<doc>Types the given ``text`` into the text field identified by ``locator``.</doc>
<status status="PASS" start="2026-02-17T14:10:56.892017" elapsed="0.037476"/>
</kw>
<arg>12345678</arg>
<status status="PASS" start="2026-02-17T14:10:56.891834" elapsed="0.037735"/>
</kw>
<kw name="Submit Login" owner="resource">
<kw name="Click Button" owner="SeleniumLibrary">
<msg time="2026-02-17T14:10:56.930081" level="INFO">Clicking button 'xpath://button[@type="submit"]'.</msg>
<arg>xpath://button[@type="submit"]</arg>
<doc>Clicks the button identified by ``locator``.</doc>
<status status="PASS" start="2026-02-17T14:10:56.929938" elapsed="0.068568"/>
</kw>
<status status="PASS" start="2026-02-17T14:10:56.929713" elapsed="0.068965"/>
</kw>
<kw name="FirstPage Should Be Open" owner="resource">
<kw name="Location Should Contain" owner="SeleniumLibrary">
<msg time="2026-02-17T14:10:57.002140" level="INFO">Current location contains '10.198.200.88:3013'.</msg>
<arg>${SERVER}</arg>
<doc>Verifies that the current URL contains ``expected``.</doc>
<status status="PASS" start="2026-02-17T14:10:56.999544" elapsed="0.002662"/>
</kw>
<kw name="Title Should Be" owner="SeleniumLibrary">
<msg time="2026-02-17T14:10:57.004901" level="INFO">Page title is 'ไปนำแหน่'.</msg>
<arg>ไปนำแหน่</arg>
<doc>Verifies that the current page title equals ``title``.</doc>
<status status="PASS" start="2026-02-17T14:10:57.002300" elapsed="0.002721"/>
</kw>
<status status="PASS" start="2026-02-17T14:10:56.999191" elapsed="0.005906"/>
</kw>
<kw name="Close Browser" owner="SeleniumLibrary" type="TEARDOWN">
<doc>Closes the current browser.</doc>
<status status="PASS" start="2026-02-17T14:10:57.005347" elapsed="0.115228"/>
</kw>
<status status="PASS" start="2026-02-17T14:10:53.487704" elapsed="3.632971"/>
</test>
<doc>A test suite with a single test for valid login.</doc>
<status status="PASS" start="2026-02-17T14:10:53.382504" elapsed="3.738569"/>
</suite>
<statistics>
<total>
<stat pass="1" fail="0" skip="0">All Tests</stat>
</total>
<tag>
</tag>
<suite>
<stat name="Login" id="s1" pass="1" fail="0" skip="0">Login</stat>
</suite>
</statistics>
<errors>
</errors>
</robot>
