<?xml version="1.0" encoding="UTF-8"?>
<robot generator="Robot 7.4.2 (Python 3.9.6 on darwin)" generated="2026-03-17T23:21:41.935350" rpa="false" schemaversion="5">
<suite id="s1" name="PBL 10 massaging" source="/Users/jengcharat/Desktop/softwareEN_real/SoftwareEn_Group2/Project/PaiNamNaeWebApp/test/sprint3/test_code/Robot_Test/PBL_10_massaging_browser/PBL_10_massaging.robot">
<test id="s1-t1" name="CHAT01 - Driver Opens Chat And Sees Only Role And Profile Picture" line="37">
<kw name="Login As Driver" owner="resource">
<kw name="Open Browser To Login Page" owner="resource">
<kw name="Open Browser" owner="SeleniumLibrary">
<msg time="2026-03-17T23:21:42.075447" level="INFO">Opening browser 'Chrome' to base url 'http://csse0269.cpkku.com/login'.</msg>
<arg>${LOGIN URL}</arg>
<arg>${BROWSER}</arg>
<doc>Opens a new browser instance to the optional ``url``.</doc>
<status status="PASS" start="2026-03-17T23:21:42.075284" elapsed="1.712594"/>
</kw>
<kw name="Maximize Browser Window" owner="SeleniumLibrary">
<doc>Maximizes current browser window.</doc>
<status status="PASS" start="2026-03-17T23:21:43.788621" elapsed="0.367681"/>
</kw>
<kw name="Set Selenium Speed" owner="SeleniumLibrary">
<arg>${DELAY}</arg>
<doc>Sets the delay that is waited after each Selenium command.</doc>
<status status="PASS" start="2026-03-17T23:21:44.156481" elapsed="0.000377"/>
</kw>
<kw name="Title Should Be" owner="SeleniumLibrary">
<msg time="2026-03-17T23:21:44.665106" level="INFO">Page title is 'ไปนำแหน่'.</msg>
<arg>ไปนำแหน่</arg>
<doc>Verifies that the current page title equals ``title``.</doc>
<status status="PASS" start="2026-03-17T23:21:44.156965" elapsed="0.508559"/>
</kw>
<status status="PASS" start="2026-03-17T23:21:42.074824" elapsed="2.590982"/>
</kw>
<kw name="Input Username" owner="resource">
<kw name="Input Text" owner="SeleniumLibrary">
<msg time="2026-03-17T23:21:44.667963" level="INFO">Typing text 'user12' into text field 'id:identifier'.</msg>
<arg>id:identifier</arg>
<arg>${username}</arg>
<doc>Types the given ``text`` into the text field identified by ``locator``.</doc>
<status status="PASS" start="2026-03-17T23:21:44.667168" elapsed="1.679464"/>
</kw>
<arg>${DRIVER USER}</arg>
<status status="PASS" start="2026-03-17T23:21:44.666376" elapsed="1.681080"/>
</kw>
<kw name="Input Password" owner="resource">
<kw name="Input Text" owner="SeleniumLibrary">
<msg time="2026-03-17T23:21:46.351990" level="INFO">Typing text 'dog-east-just' into text field 'id:password'.</msg>
<arg>id:password</arg>
<arg>${password}</arg>
<doc>Types the given ``text`` into the text field identified by ``locator``.</doc>
<status status="PASS" start="2026-03-17T23:21:46.350975" elapsed="1.594643"/>
</kw>
<arg>${DRIVER PASS}</arg>
<status status="PASS" start="2026-03-17T23:21:46.348779" elapsed="1.597541"/>
</kw>
<kw name="Submit Login" owner="resource">
<kw name="Click Button" owner="SeleniumLibrary">
<msg time="2026-03-17T23:21:47.948584" level="INFO">Clicking button 'xpath://button[@type="submit"]'.</msg>
<arg>xpath://button[@type="submit"]</arg>
<doc>Clicks the button identified by ``locator``.</doc>
<status status="PASS" start="2026-03-17T23:21:47.948039" elapsed="2.614463"/>
</kw>
<status status="PASS" start="2026-03-17T23:21:47.947123" elapsed="2.615819"/>
</kw>
<kw name="Sleep" owner="BuiltIn">
<msg time="2026-03-17T23:21:52.565756" level="INFO">Slept 2 seconds.</msg>
<arg>2s</arg>
<doc>Pauses the test executed for the given time.</doc>
<status status="PASS" start="2026-03-17T23:21:50.563677" elapsed="2.002374"/>
</kw>
<status status="PASS" start="2026-03-17T23:21:42.074590" elapsed="10.491762"/>
</kw>
<kw name="Sleep" owner="BuiltIn">
<msg time="2026-03-17T23:21:54.568946" level="INFO">Slept 2 seconds.</msg>
<arg>2s</arg>
<doc>Pauses the test executed for the given time.</doc>
<status status="PASS" start="2026-03-17T23:21:52.567059" elapsed="2.002322"/>
</kw>
<kw name="Go To My Route Page" owner="resource">
<kw name="Go To" owner="SeleniumLibrary">
<msg time="2026-03-17T23:21:54.571457" level="INFO">Opening url 'http://csse0269.cpkku.com/myRoute'</msg>
<arg>${MY Route URL}</arg>
<doc>Navigates the current browser window to the provided ``url``.</doc>
<status status="PASS" start="2026-03-17T23:21:54.571097" elapsed="0.679476"/>
</kw>
<kw name="Sleep" owner="BuiltIn">
<msg time="2026-03-17T23:21:57.253055" level="INFO">Slept 2 seconds.</msg>
<arg>2s</arg>
<doc>Pauses the test executed for the given time.</doc>
<status status="PASS" start="2026-03-17T23:21:55.252033" elapsed="2.001266"/>
</kw>
<status status="PASS" start="2026-03-17T23:21:54.570298" elapsed="2.683206"/>
</kw>
<kw name="Sleep" owner="BuiltIn">
<msg time="2026-03-17T23:21:59.256409" level="INFO">Slept 2 seconds.</msg>
<arg>2s</arg>
<doc>Pauses the test executed for the given time.</doc>
<status status="PASS" start="2026-03-17T23:21:57.253870" elapsed="2.002695"/>
</kw>
<kw name="Click Button" owner="SeleniumLibrary">
<msg time="2026-03-17T23:21:59.257192" level="INFO">Clicking button 'xpath://button[contains(@class,'tab-button') and contains(.,'ยืนยันแล้ว')]'.</msg>
<arg>xpath://button[contains(@class,'tab-button') and contains(.,'ยืนยันแล้ว')]</arg>
<doc>Clicks the button identified by ``locator``.</doc>
<status status="PASS" start="2026-03-17T23:21:59.256871" elapsed="2.627496"/>
</kw>
<kw name="Sleep" owner="BuiltIn">
<msg time="2026-03-17T23:22:03.887559" level="INFO">Slept 2 seconds.</msg>
<arg>2s</arg>
<doc>Pauses the test executed for the given time.</doc>
<status status="PASS" start="2026-03-17T23:22:01.884738" elapsed="2.003114"/>
</kw>
<kw name="Click Button" owner="SeleniumLibrary">
<msg time="2026-03-17T23:22:03.888887" level="INFO">Clicking button 'xpath://button[normalize-space()='แชทกับผู้โดยสาร']'.</msg>
<arg>xpath://button[normalize-space()='แชทกับผู้โดยสาร']</arg>
<doc>Clicks the button identified by ``locator``.</doc>
<status status="PASS" start="2026-03-17T23:22:03.888379" elapsed="2.614937"/>
</kw>
<kw name="Sleep" owner="BuiltIn">
<msg time="2026-03-17T23:22:08.505242" level="INFO">Slept 2 seconds.</msg>
<arg>2s</arg>
<doc>Pauses the test executed for the given time.</doc>
<status status="PASS" start="2026-03-17T23:22:06.503970" elapsed="2.002034"/>
</kw>
<kw name="Page Should Contain Element" owner="SeleniumLibrary">
<msg time="2026-03-17T23:22:10.114432" level="INFO" html="true">&lt;/td&gt;&lt;/tr&gt;&lt;tr&gt;&lt;td colspan="3"&gt;&lt;a href="selenium-screenshot-1.png"&gt;&lt;img src="selenium-screenshot-1.png" width="800px"&gt;&lt;/a&gt;</msg>
<msg time="2026-03-17T23:22:10.114983" level="FAIL">Page should have contained element 'xpath://div[contains(@class,'text-gray-500') and normalize-space()='ผู้โดยสาร']' but did not.</msg>
<arg>xpath://div[contains(@class,'text-gray-500') and normalize-space()='ผู้โดยสาร']</arg>
<doc>Verifies that element ``locator`` is found on the current page.</doc>
<status status="FAIL" start="2026-03-17T23:22:08.507192" elapsed="1.621960">Page should have contained element 'xpath://div[contains(@class,'text-gray-500') and normalize-space()='ผู้โดยสาร']' but did not.</status>
</kw>
<kw name="Page Should Not Contain Element" owner="SeleniumLibrary">
<arg>xpath://div[contains(@class,'text-gray-500') and not(normalize-space()='ผู้โดยสาร')]</arg>
<doc>Verifies that element ``locator`` is not found on the current page.</doc>
<status status="NOT RUN" start="2026-03-17T23:22:10.129792" elapsed="0.000076"/>
</kw>
<kw name="Page Should Contain" owner="SeleniumLibrary">
<arg>ข้อความถูกส่งอย่างปลอดภัย โดยไม่เปิดเผยข้อมูลส่วนตัว</arg>
<doc>Verifies that current page contains ``text``.</doc>
<status status="NOT RUN" start="2026-03-17T23:22:10.130105" elapsed="0.000051"/>
</kw>
<kw name="Close Browser Session" owner="resource" type="TEARDOWN">
<kw name="Close Browser" owner="SeleniumLibrary">
<doc>Closes the current browser.</doc>
<status status="PASS" start="2026-03-17T23:22:10.131256" elapsed="0.574341"/>
</kw>
<status status="PASS" start="2026-03-17T23:22:10.130733" elapsed="0.575326"/>
</kw>
<doc>เปิดหน้าแชทในฐานะคนขับ แสดงเฉพาะ "คนขับ" และ "ผู้โดยสาร"
ไม่แสดงชื่อจริงของทั้งสองฝ่าย</doc>
<status status="FAIL" start="2026-03-17T23:21:42.073266" elapsed="28.632965">Page should have contained element 'xpath://div[contains(@class,'text-gray-500') and normalize-space()='ผู้โดยสาร']' but did not.</status>
</test>
<test id="s1-t2" name="CHAT02 - Driver Sends Message And It Appears Immediately" line="53">
<kw name="Login As Driver" owner="resource">
<kw name="Open Browser To Login Page" owner="resource">
<kw name="Open Browser" owner="SeleniumLibrary">
<msg time="2026-03-17T23:22:10.711110" level="INFO">Opening browser 'Chrome' to base url 'http://csse0269.cpkku.com/login'.</msg>
<arg>${LOGIN URL}</arg>
<arg>${BROWSER}</arg>
<doc>Opens a new browser instance to the optional ``url``.</doc>
<status status="PASS" start="2026-03-17T23:22:10.710782" elapsed="2.212730"/>
</kw>
<kw name="Maximize Browser Window" owner="SeleniumLibrary">
<doc>Maximizes current browser window.</doc>
<status status="PASS" start="2026-03-17T23:22:12.924891" elapsed="0.879969"/>
</kw>
<kw name="Set Selenium Speed" owner="SeleniumLibrary">
<arg>${DELAY}</arg>
<doc>Sets the delay that is waited after each Selenium command.</doc>
<status status="PASS" start="2026-03-17T23:22:13.805330" elapsed="0.000831"/>
</kw>
<kw name="Title Should Be" owner="SeleniumLibrary">
<msg time="2026-03-17T23:22:14.318344" level="INFO">Page title is 'ไปนำแหน่'.</msg>
<arg>ไปนำแหน่</arg>
<doc>Verifies that the current page title equals ``title``.</doc>
<status status="PASS" start="2026-03-17T23:22:13.806505" elapsed="0.512118"/>
</kw>
<status status="PASS" start="2026-03-17T23:22:10.710386" elapsed="3.608580"/>
</kw>
<kw name="Input Username" owner="resource">
<kw name="Input Text" owner="SeleniumLibrary">
<msg time="2026-03-17T23:22:14.320895" level="INFO">Typing text 'user12' into text field 'id:identifier'.</msg>
<arg>id:identifier</arg>
<arg>${username}</arg>
<doc>Types the given ``text`` into the text field identified by ``locator``.</doc>
<status status="PASS" start="2026-03-17T23:22:14.320352" elapsed="1.671237"/>
</kw>
<arg>${DRIVER USER}</arg>
<status status="PASS" start="2026-03-17T23:22:14.319525" elapsed="1.673201"/>
</kw>
<kw name="Input Password" owner="resource">
<kw name="Input Text" owner="SeleniumLibrary">
<msg time="2026-03-17T23:22:15.995044" level="INFO">Typing text 'dog-east-just' into text field 'id:password'.</msg>
<arg>id:password</arg>
<arg>${password}</arg>
<doc>Types the given ``text`` into the text field identified by ``locator``.</doc>
<status status="PASS" start="2026-03-17T23:22:15.994497" elapsed="1.598062"/>
</kw>
<arg>${DRIVER PASS}</arg>
<status status="PASS" start="2026-03-17T23:22:15.993535" elapsed="1.599279"/>
</kw>
<kw name="Submit Login" owner="resource">
<kw name="Click Button" owner="SeleniumLibrary">
<msg time="2026-03-17T23:22:17.594055" level="INFO">Clicking button 'xpath://button[@type="submit"]'.</msg>
<arg>xpath://button[@type="submit"]</arg>
<doc>Clicks the button identified by ``locator``.</doc>
<status status="PASS" start="2026-03-17T23:22:17.593699" elapsed="2.609516"/>
</kw>
<status status="PASS" start="2026-03-17T23:22:17.593150" elapsed="2.610565"/>
</kw>
<kw name="Sleep" owner="BuiltIn">
<msg time="2026-03-17T23:22:22.206942" level="INFO">Slept 2 seconds.</msg>
<arg>2s</arg>
<doc>Pauses the test executed for the given time.</doc>
<status status="PASS" start="2026-03-17T23:22:20.204207" elapsed="2.003002"/>
</kw>
<status status="PASS" start="2026-03-17T23:22:10.708540" elapsed="11.498948"/>
</kw>
<kw name="Sleep" owner="BuiltIn">
<msg time="2026-03-17T23:22:24.208950" level="INFO">Slept 2 seconds.</msg>
<arg>2s</arg>
<doc>Pauses the test executed for the given time.</doc>
<status status="PASS" start="2026-03-17T23:22:22.208016" elapsed="2.001201"/>
</kw>
<kw name="Go To My Route Page" owner="resource">
<kw name="Go To" owner="SeleniumLibrary">
<msg time="2026-03-17T23:22:24.210819" level="INFO">Opening url 'http://csse0269.cpkku.com/myRoute'</msg>
<arg>${MY Route URL}</arg>
<doc>Navigates the current browser window to the provided ``url``.</doc>
<status status="PASS" start="2026-03-17T23:22:24.210469" elapsed="0.643835"/>
</kw>
<kw name="Sleep" owner="BuiltIn">
<msg time="2026-03-17T23:22:26.856444" level="INFO">Slept 2 seconds.</msg>
<arg>2s</arg>
<doc>Pauses the test executed for the given time.</doc>
<status status="PASS" start="2026-03-17T23:22:24.854812" elapsed="2.002267"/>
</kw>
<status status="PASS" start="2026-03-17T23:22:24.209809" elapsed="2.647737"/>
</kw>
<kw name="Sleep" owner="BuiltIn">
<msg time="2026-03-17T23:22:28.860635" level="INFO">Slept 2 seconds.</msg>
<arg>2s</arg>
<doc>Pauses the test executed for the given time.</doc>
<status status="PASS" start="2026-03-17T23:22:26.858551" elapsed="2.002384"/>
</kw>
<kw name="Click Button" owner="SeleniumLibrary">
<msg time="2026-03-17T23:22:28.862538" level="INFO">Clicking button 'xpath://button[contains(@class,'tab-button') and contains(.,'ยืนยันแล้ว')]'.</msg>
<arg>xpath://button[contains(@class,'tab-button') and contains(.,'ยืนยันแล้ว')]</arg>
<doc>Clicks the button identified by ``locator``.</doc>
<status status="PASS" start="2026-03-17T23:22:28.861633" elapsed="2.624586"/>
</kw>
<kw name="Sleep" owner="BuiltIn">
<msg time="2026-03-17T23:22:33.487662" level="INFO">Slept 2 seconds.</msg>
<arg>2s</arg>
<doc>Pauses the test executed for the given time.</doc>
<status status="PASS" start="2026-03-17T23:22:31.486638" elapsed="2.001469"/>
</kw>
<kw name="Click Button" owner="SeleniumLibrary">
<msg time="2026-03-17T23:22:33.489600" level="INFO">Clicking button 'xpath://button[normalize-space()='แชทกับผู้โดยสาร']'.</msg>
<arg>xpath://button[normalize-space()='แชทกับผู้โดยสาร']</arg>
<doc>Clicks the button identified by ``locator``.</doc>
<status status="PASS" start="2026-03-17T23:22:33.488828" elapsed="2.610831"/>
</kw>
<kw name="Sleep" owner="BuiltIn">
<msg time="2026-03-17T23:22:38.102966" level="INFO">Slept 2 seconds.</msg>
<arg>2s</arg>
<doc>Pauses the test executed for the given time.</doc>
<status status="PASS" start="2026-03-17T23:22:36.100439" elapsed="2.002986"/>
</kw>
<kw name="Input Text" owner="SeleniumLibrary">
<msg time="2026-03-17T23:22:38.105403" level="INFO">Typing text 'ทดสอบ CHAT02 สวัสดีครับ' into text field 'xpath://textarea[@placeholder='พิมพ์ข้อความ...']'.</msg>
<arg>${CHAT TEXTAREA}</arg>
<arg>ทดสอบ CHAT02 สวัสดีครับ</arg>
<doc>Types the given ``text`` into the text field identified by ``locator``.</doc>
<status status="PASS" start="2026-03-17T23:22:38.104456" elapsed="1.619858"/>
</kw>
<kw name="Wait Until Element Is Enabled" owner="SeleniumLibrary">
<arg>${CHAT SUBMIT BTN}</arg>
<arg>timeout=5s</arg>
<doc>Waits until the element ``locator`` is enabled.</doc>
<status status="PASS" start="2026-03-17T23:22:39.725972" elapsed="1.553394"/>
</kw>
<kw name="Click Button" owner="SeleniumLibrary">
<msg time="2026-03-17T23:22:41.280859" level="INFO">Clicking button 'xpath://button[@type='submit']'.</msg>
<arg>${CHAT SUBMIT BTN}</arg>
<doc>Clicks the button identified by ``locator``.</doc>
<status status="PASS" start="2026-03-17T23:22:41.280227" elapsed="2.605875"/>
</kw>
<kw name="Sleep" owner="BuiltIn">
<msg time="2026-03-17T23:22:44.888072" level="INFO">Slept 1 second.</msg>
<arg>1s</arg>
<doc>Pauses the test executed for the given time.</doc>
<status status="PASS" start="2026-03-17T23:22:43.886440" elapsed="1.002244"/>
</kw>
<kw name="Page Should Contain" owner="SeleniumLibrary">
<msg time="2026-03-17T23:22:45.917901" level="INFO">Current page contains text 'ทดสอบ CHAT02 สวัสดีครับ'.</msg>
<arg>ทดสอบ CHAT02 สวัสดีครับ</arg>
<doc>Verifies that current page contains ``text``.</doc>
<status status="PASS" start="2026-03-17T23:22:44.889869" elapsed="1.028639"/>
</kw>
<kw name="Close Browser Session" owner="resource" type="TEARDOWN">
<kw name="Close Browser" owner="SeleniumLibrary">
<doc>Closes the current browser.</doc>
<status status="PASS" start="2026-03-17T23:22:45.919908" elapsed="0.566411"/>
</kw>
<status status="PASS" start="2026-03-17T23:22:45.919290" elapsed="0.567317"/>
</kw>
<doc>Driver พิมพ์และส่งข้อความ → ข้อความแสดงผลในหน้าแชทของตัวเองทันที</doc>
<status status="PASS" start="2026-03-17T23:22:10.706684" elapsed="35.780390"/>
</test>
<test id="s1-t3" name="CHAT03 - Driver Sends Message And Passenger Receives Within 5 Seconds" line="70">
<kw name="Login As Driver" owner="resource">
<kw name="Open Browser To Login Page" owner="resource">
<kw name="Open Browser" owner="SeleniumLibrary">
<msg time="2026-03-17T23:22:46.491998" level="INFO">Opening browser 'Chrome' to base url 'http://csse0269.cpkku.com/login'.</msg>
<arg>${LOGIN URL}</arg>
<arg>${BROWSER}</arg>
<doc>Opens a new browser instance to the optional ``url``.</doc>
<status status="PASS" start="2026-03-17T23:22:46.491571" elapsed="2.369422"/>
</kw>
<kw name="Maximize Browser Window" owner="SeleniumLibrary">
<doc>Maximizes current browser window.</doc>
<status status="PASS" start="2026-03-17T23:22:48.861719" elapsed="0.873195"/>
</kw>
<kw name="Set Selenium Speed" owner="SeleniumLibrary">
<arg>${DELAY}</arg>
<doc>Sets the delay that is waited after each Selenium command.</doc>
<status status="PASS" start="2026-03-17T23:22:49.736056" elapsed="0.001323"/>
</kw>
<kw name="Title Should Be" owner="SeleniumLibrary">
<msg time="2026-03-17T23:22:50.247547" level="INFO">Page title is 'ไปนำแหน่'.</msg>
<arg>ไปนำแหน่</arg>
<doc>Verifies that the current page title equals ``title``.</doc>
<status status="PASS" start="2026-03-17T23:22:49.737792" elapsed="0.510306"/>
</kw>
<status status="PASS" start="2026-03-17T23:22:46.491053" elapsed="3.757527"/>
</kw>
<kw name="Input Username" owner="resource">
<kw name="Input Text" owner="SeleniumLibrary">
<msg time="2026-03-17T23:22:50.255920" level="INFO">Typing text 'user12' into text field 'id:identifier'.</msg>
<arg>id:identifier</arg>
<arg>${username}</arg>
<doc>Types the given ``text`` into the text field identified by ``locator``.</doc>
<status status="PASS" start="2026-03-17T23:22:50.255310" elapsed="1.662631"/>
</kw>
<arg>${DRIVER USER}</arg>
<status status="PASS" start="2026-03-17T23:22:50.249689" elapsed="1.668555"/>
</kw>
<kw name="Input Password" owner="resource">
<kw name="Input Text" owner="SeleniumLibrary">
<msg time="2026-03-17T23:22:51.919871" level="INFO">Typing text 'dog-east-just' into text field 'id:password'.</msg>
<arg>id:password</arg>
<arg>${password}</arg>
<doc>Types the given ``text`` into the text field identified by ``locator``.</doc>
<status status="PASS" start="2026-03-17T23:22:51.919422" elapsed="1.599312"/>
</kw>
<arg>${DRIVER PASS}</arg>
<status status="PASS" start="2026-03-17T23:22:51.918703" elapsed="1.600397"/>
</kw>
<kw name="Submit Login" owner="resource">
<kw name="Click Button" owner="SeleniumLibrary">
<msg time="2026-03-17T23:22:53.520623" level="INFO">Clicking button 'xpath://button[@type="submit"]'.</msg>
<arg>xpath://button[@type="submit"]</arg>
<doc>Clicks the button identified by ``locator``.</doc>
<status status="PASS" start="2026-03-17T23:22:53.520208" elapsed="2.609588"/>
</kw>
<status status="PASS" start="2026-03-17T23:22:53.519531" elapsed="2.610732"/>
</kw>
<kw name="Sleep" owner="BuiltIn">
<msg time="2026-03-17T23:22:58.132464" level="INFO">Slept 2 seconds.</msg>
<arg>2s</arg>
<doc>Pauses the test executed for the given time.</doc>
<status status="PASS" start="2026-03-17T23:22:56.130807" elapsed="2.001910"/>
</kw>
<status status="PASS" start="2026-03-17T23:22:46.490185" elapsed="11.642763"/>
</kw>
<kw name="Sleep" owner="BuiltIn">
<msg time="2026-03-17T23:23:00.135160" level="INFO">Slept 2 seconds.</msg>
<arg>2s</arg>
<doc>Pauses the test executed for the given time.</doc>
<status status="PASS" start="2026-03-17T23:22:58.133518" elapsed="2.001922"/>
</kw>
<kw name="Go To My Route Page" owner="resource">
<kw name="Go To" owner="SeleniumLibrary">
<msg time="2026-03-17T23:23:00.136989" level="INFO">Opening url 'http://csse0269.cpkku.com/myRoute'</msg>
<arg>${MY Route URL}</arg>
<doc>Navigates the current browser window to the provided ``url``.</doc>
<status status="PASS" start="2026-03-17T23:23:00.136693" elapsed="0.722166"/>
</kw>
<kw name="Sleep" owner="BuiltIn">
<msg time="2026-03-17T23:23:02.861776" level="INFO">Slept 2 seconds.</msg>
<arg>2s</arg>
<doc>Pauses the test executed for the given time.</doc>
<status status="PASS" start="2026-03-17T23:23:00.859436" elapsed="2.002626"/>
</kw>
<status status="PASS" start="2026-03-17T23:23:00.136107" elapsed="2.726199"/>
</kw>
<kw name="Sleep" owner="BuiltIn">
<msg time="2026-03-17T23:23:04.864476" level="INFO">Slept 2 seconds.</msg>
<arg>2s</arg>
<doc>Pauses the test executed for the given time.</doc>
<status status="PASS" start="2026-03-17T23:23:02.862743" elapsed="2.002277"/>
</kw>
<kw name="Click Button" owner="SeleniumLibrary">
<msg time="2026-03-17T23:23:04.866453" level="INFO">Clicking button 'xpath://button[contains(@class,'tab-button') and contains(.,'ยืนยันแล้ว')]'.</msg>
<arg>xpath://button[contains(@class,'tab-button') and contains(.,'ยืนยันแล้ว')]</arg>
<doc>Clicks the button identified by ``locator``.</doc>
<status status="PASS" start="2026-03-17T23:23:04.865840" elapsed="2.625485"/>
</kw>
<kw name="Sleep" owner="BuiltIn">
<msg time="2026-03-17T23:23:09.492573" level="INFO">Slept 2 seconds.</msg>
<arg>2s</arg>
<doc>Pauses the test executed for the given time.</doc>
<status status="PASS" start="2026-03-17T23:23:07.491688" elapsed="2.001152"/>
</kw>
<kw name="Click Button" owner="SeleniumLibrary">
<msg time="2026-03-17T23:23:09.494558" level="INFO">Clicking button 'xpath://button[normalize-space()='แชทกับผู้โดยสาร']'.</msg>
<arg>xpath://button[normalize-space()='แชทกับผู้โดยสาร']</arg>
<doc>Clicks the button identified by ``locator``.</doc>
<status status="PASS" start="2026-03-17T23:23:09.493469" elapsed="2.590773"/>
</kw>
<kw name="Sleep" owner="BuiltIn">
<msg time="2026-03-17T23:23:14.088145" level="INFO">Slept 2 seconds.</msg>
<arg>2s</arg>
<doc>Pauses the test executed for the given time.</doc>
<status status="PASS" start="2026-03-17T23:23:12.084898" elapsed="2.003802"/>
</kw>
<kw name="Input Text" owner="SeleniumLibrary">
<msg time="2026-03-17T23:23:14.090854" level="INFO">Typing text 'ทดสอบ CHAT03 สวัสดีครับ' into text field 'xpath://textarea[@placeholder='พิมพ์ข้อความ...']'.</msg>
<arg>${CHAT TEXTAREA}</arg>
<arg>ทดสอบ CHAT03 สวัสดีครับ</arg>
<doc>Types the given ``text`` into the text field identified by ``locator``.</doc>
<status status="PASS" start="2026-03-17T23:23:14.090031" elapsed="1.589177"/>
</kw>
<kw name="Wait Until Element Is Enabled" owner="SeleniumLibrary">
<arg>${CHAT SUBMIT BTN}</arg>
<arg>timeout=5s</arg>
<doc>Waits until the element ``locator`` is enabled.</doc>
<status status="PASS" start="2026-03-17T23:23:15.679886" elapsed="1.549092"/>
</kw>
<kw name="Click Button" owner="SeleniumLibrary">
<msg time="2026-03-17T23:23:17.229585" level="INFO">Clicking button 'xpath://button[@type='submit']'.</msg>
<arg>${CHAT SUBMIT BTN}</arg>
<doc>Clicks the button identified by ``locator``.</doc>
<status status="PASS" start="2026-03-17T23:23:17.229264" elapsed="2.605060"/>
</kw>
<kw name="Sleep" owner="BuiltIn">
<msg time="2026-03-17T23:23:20.835240" level="INFO">Slept 1 second.</msg>
<arg>1s</arg>
<doc>Pauses the test executed for the given time.</doc>
<status status="PASS" start="2026-03-17T23:23:19.834580" elapsed="1.000875"/>
</kw>
<kw name="Login As Passenger" owner="resource">
<kw name="Open Browser" owner="SeleniumLibrary">
<msg time="2026-03-17T23:23:20.838876" level="INFO">Opening browser 'Chrome' to base url 'http://csse0269.cpkku.com/login'.</msg>
<arg>${LOGIN URL}</arg>
<arg>${BROWSER}</arg>
<arg>alias=passenger_browser</arg>
<doc>Opens a new browser instance to the optional ``url``.</doc>
<status status="PASS" start="2026-03-17T23:23:20.838101" elapsed="2.619611"/>
</kw>
<kw name="Maximize Browser Window" owner="SeleniumLibrary">
<doc>Maximizes current browser window.</doc>
<status status="PASS" start="2026-03-17T23:23:23.458785" elapsed="0.878174"/>
</kw>
<kw name="Set Selenium Speed" owner="SeleniumLibrary">
<arg>${DELAY}</arg>
<doc>Sets the delay that is waited after each Selenium command.</doc>
<status status="PASS" start="2026-03-17T23:23:24.338562" elapsed="0.001957"/>
</kw>
<kw name="Title Should Be" owner="SeleniumLibrary">
<msg time="2026-03-17T23:23:24.850671" level="INFO">Page title is 'ไปนำแหน่'.</msg>
<arg>ไปนำแหน่</arg>
<doc>Verifies that the current page title equals ``title``.</doc>
<status status="PASS" start="2026-03-17T23:23:24.341041" elapsed="0.509898"/>
</kw>
<kw name="Input Username" owner="resource">
<kw name="Input Text" owner="SeleniumLibrary">
<msg time="2026-03-17T23:23:24.853037" level="INFO">Typing text 'Billy12' into text field 'id:identifier'.</msg>
<arg>id:identifier</arg>
<arg>${username}</arg>
<doc>Types the given ``text`` into the text field identified by ``locator``.</doc>
<status status="PASS" start="2026-03-17T23:23:24.852535" elapsed="1.793743"/>
</kw>
<arg>${PASSENGER USER}</arg>
<status status="PASS" start="2026-03-17T23:23:24.851626" elapsed="1.795492"/>
</kw>
<kw name="Input Password" owner="resource">
<kw name="Input Text" owner="SeleniumLibrary">
<msg time="2026-03-17T23:23:26.649617" level="INFO">Typing text 'billy12345678' into text field 'id:password'.</msg>
<arg>id:password</arg>
<arg>${password}</arg>
<doc>Types the given ``text`` into the text field identified by ``locator``.</doc>
<status status="PASS" start="2026-03-17T23:23:26.648958" elapsed="1.601273"/>
</kw>
<arg>${PASSENGER PASS}</arg>
<status status="PASS" start="2026-03-17T23:23:26.647866" elapsed="1.602673"/>
</kw>
<kw name="Submit Login" owner="resource">
<kw name="Click Button" owner="SeleniumLibrary">
<msg time="2026-03-17T23:23:28.253137" level="INFO">Clicking button 'xpath://button[@type="submit"]'.</msg>
<arg>xpath://button[@type="submit"]</arg>
<doc>Clicks the button identified by ``locator``.</doc>
<status status="PASS" start="2026-03-17T23:23:28.252520" elapsed="2.619286"/>
</kw>
<status status="PASS" start="2026-03-17T23:23:28.250988" elapsed="2.621392"/>
</kw>
<kw name="Sleep" owner="BuiltIn">
<msg time="2026-03-17T23:23:32.876818" level="INFO">Slept 2 seconds.</msg>
<arg>2s</arg>
<doc>Pauses the test executed for the given time.</doc>
<status status="PASS" start="2026-03-17T23:23:30.872982" elapsed="2.004919"/>
</kw>
<status status="PASS" start="2026-03-17T23:23:20.836929" elapsed="12.043865"/>
</kw>
<kw name="Sleep" owner="BuiltIn">
<msg time="2026-03-17T23:23:34.889041" level="INFO">Slept 2 seconds.</msg>
<arg>2s</arg>
<doc>Pauses the test executed for the given time.</doc>
<status status="PASS" start="2026-03-17T23:23:32.885433" elapsed="2.004378"/>
</kw>
<kw name="Go To My Trips Page" owner="resource">
<kw name="Go To" owner="SeleniumLibrary">
<msg time="2026-03-17T23:23:34.892567" level="INFO">Opening url 'http://csse0269.cpkku.com/myTrip'</msg>
<arg>${MY TRIPS URL}</arg>
<doc>Navigates the current browser window to the provided ``url``.</doc>
<status status="PASS" start="2026-03-17T23:23:34.892025" elapsed="0.738111"/>
</kw>
<kw name="Sleep" owner="BuiltIn">
<msg time="2026-03-17T23:23:37.632187" level="INFO">Slept 2 seconds.</msg>
<arg>2s</arg>
<doc>Pauses the test executed for the given time.</doc>
<status status="PASS" start="2026-03-17T23:23:35.630310" elapsed="2.002259"/>
</kw>
<status status="PASS" start="2026-03-17T23:23:34.890972" elapsed="2.741970"/>
</kw>
<kw name="Sleep" owner="BuiltIn">
<msg time="2026-03-17T23:23:39.635444" level="INFO">Slept 2 seconds.</msg>
<arg>2s</arg>
<doc>Pauses the test executed for the given time.</doc>
<status status="PASS" start="2026-03-17T23:23:37.633625" elapsed="2.002128"/>
</kw>
<kw name="Click Button" owner="SeleniumLibrary">
<msg time="2026-03-17T23:23:39.636769" level="INFO">Clicking button 'xpath://button[contains(@class,'tab-button') and contains(.,'ยืนยันแล้ว')]'.</msg>
<arg>xpath://button[contains(@class,'tab-button') and contains(.,'ยืนยันแล้ว')]</arg>
<doc>Clicks the button identified by ``locator``.</doc>
<status status="PASS" start="2026-03-17T23:23:39.636256" elapsed="2.615885"/>
</kw>
<kw name="Sleep" owner="BuiltIn">
<msg time="2026-03-17T23:23:44.254076" level="INFO">Slept 2 seconds.</msg>
<arg>2s</arg>
<doc>Pauses the test executed for the given time.</doc>
<status status="PASS" start="2026-03-17T23:23:42.252473" elapsed="2.001866"/>
</kw>
<kw name="Click Button" owner="SeleniumLibrary">
<msg time="2026-03-17T23:23:44.255520" level="INFO">Clicking button 'xpath://button[normalize-space()='แชทกับผู้ขับ']'.</msg>
<arg>xpath://button[normalize-space()='แชทกับผู้ขับ']</arg>
<doc>Clicks the button identified by ``locator``.</doc>
<status status="PASS" start="2026-03-17T23:23:44.254897" elapsed="2.609092"/>
</kw>
<kw name="Sleep" owner="BuiltIn">
<msg time="2026-03-17T23:23:51.865973" level="INFO">Slept 5 seconds.</msg>
<arg>5s</arg>
<doc>Pauses the test executed for the given time.</doc>
<status status="PASS" start="2026-03-17T23:23:46.864188" elapsed="5.002194"/>
</kw>
<kw name="Page Should Contain" owner="SeleniumLibrary">
<msg time="2026-03-17T23:23:52.897299" level="INFO">Current page contains text 'ทดสอบ CHAT03 สวัสดีครับ'.</msg>
<arg>ทดสอบ CHAT03 สวัสดีครับ</arg>
<doc>Verifies that current page contains ``text``.</doc>
<status status="PASS" start="2026-03-17T23:23:51.867083" elapsed="1.030507"/>
</kw>
<kw name="Close All Browsers" owner="SeleniumLibrary" type="TEARDOWN">
<doc>Closes all open browsers and resets the browser cache.</doc>
<status status="PASS" start="2026-03-17T23:23:52.898287" elapsed="1.131993"/>
</kw>
<doc>Driver ส่งข้อความ → Passenger ได้รับข้อความภายใน 5 วินาที (Polling)</doc>
<status status="PASS" start="2026-03-17T23:22:46.487772" elapsed="67.543144"/>
</test>
<test id="s1-t4" name="CHAT04 - Unauthorized User Cannot Access Chat Room" line="97">
<kw name="Open Browser" owner="SeleniumLibrary">
<msg time="2026-03-17T23:23:54.035577" level="INFO">Opening browser 'Chrome' to base url 'https://csse0269.cpkku.com/login'.</msg>
<arg>https://csse0269.cpkku.com/login</arg>
<arg>${BROWSER}</arg>
<doc>Opens a new browser instance to the optional ``url``.</doc>
<status status="PASS" start="2026-03-17T23:23:54.035050" elapsed="2.201917"/>
</kw>
<kw name="Maximize Browser Window" owner="SeleniumLibrary">
<doc>Maximizes current browser window.</doc>
<status status="PASS" start="2026-03-17T23:23:56.237933" elapsed="0.870203"/>
</kw>
<kw name="Set Selenium Speed" owner="SeleniumLibrary">
<arg>${DELAY}</arg>
<doc>Sets the delay that is waited after each Selenium command.</doc>
<status status="PASS" start="2026-03-17T23:23:57.109354" elapsed="0.001313"/>
</kw>
<kw name="Input Username" owner="resource">
<kw name="Input Text" owner="SeleniumLibrary">
<msg time="2026-03-17T23:23:57.113168" level="INFO">Typing text 'otheruser' into text field 'id:identifier'.</msg>
<arg>id:identifier</arg>
<arg>${username}</arg>
<doc>Types the given ``text`` into the text field identified by ``locator``.</doc>
<status status="PASS" start="2026-03-17T23:23:57.112550" elapsed="1.687269"/>
</kw>
<arg>${OTHER USER}</arg>
<status status="PASS" start="2026-03-17T23:23:57.111395" elapsed="1.689089"/>
</kw>
<kw name="Input Password" owner="resource">
<kw name="Input Text" owner="SeleniumLibrary">
<msg time="2026-03-17T23:23:58.804605" level="INFO">Typing text 'otheruser12345678' into text field 'id:password'.</msg>
<arg>id:password</arg>
<arg>${password}</arg>
<doc>Types the given ``text`` into the text field identified by ``locator``.</doc>
<status status="PASS" start="2026-03-17T23:23:58.802576" elapsed="1.581988"/>
</kw>
<arg>${OTHER PASS}</arg>
<status status="PASS" start="2026-03-17T23:23:58.801461" elapsed="1.583417"/>
</kw>
<kw name="Submit Login" owner="resource">
<kw name="Click Button" owner="SeleniumLibrary">
<msg time="2026-03-17T23:24:00.386443" level="INFO">Clicking button 'xpath://button[@type="submit"]'.</msg>
<arg>xpath://button[@type="submit"]</arg>
<doc>Clicks the button identified by ``locator``.</doc>
<status status="PASS" start="2026-03-17T23:24:00.386022" elapsed="2.604951"/>
</kw>
<status status="PASS" start="2026-03-17T23:24:00.385434" elapsed="2.605818"/>
</kw>
<kw name="Sleep" owner="BuiltIn">
<msg time="2026-03-17T23:24:04.995293" level="INFO">Slept 2 seconds.</msg>
<arg>2s</arg>
<doc>Pauses the test executed for the given time.</doc>
<status status="PASS" start="2026-03-17T23:24:02.991699" elapsed="2.004011"/>
</kw>
<kw name="Go To" owner="SeleniumLibrary">
<msg time="2026-03-17T23:24:04.997194" level="INFO">Opening url 'https://csse0269.cpkku.com/chat/cmllrfr8e0002srkctyiklcp5'</msg>
<arg>${CHAT URL}</arg>
<doc>Navigates the current browser window to the provided ``url``.</doc>
<status status="PASS" start="2026-03-17T23:24:04.996486" elapsed="0.593105"/>
</kw>
<kw name="Sleep" owner="BuiltIn">
<msg time="2026-03-17T23:24:07.592273" level="INFO">Slept 2 seconds.</msg>
<arg>2s</arg>
<doc>Pauses the test executed for the given time.</doc>
<status status="PASS" start="2026-03-17T23:24:05.590393" elapsed="2.002269"/>
</kw>
<kw name="Page Should Contain" owner="SeleniumLibrary">
<msg time="2026-03-17T23:24:08.620116" level="INFO">Current page contains text '404'.</msg>
<arg>404</arg>
<doc>Verifies that current page contains ``text``.</doc>
<status status="PASS" start="2026-03-17T23:24:07.593780" elapsed="1.026465"/>
</kw>
<kw name="Close Browser Session" owner="resource" type="TEARDOWN">
<kw name="Close Browser" owner="SeleniumLibrary">
<doc>Closes the current browser.</doc>
<status status="PASS" start="2026-03-17T23:24:08.620955" elapsed="0.567819"/>
</kw>
<status status="PASS" start="2026-03-17T23:24:08.620609" elapsed="0.568624"/>
</kw>
<doc>User ที่ไม่ได้อยู่ใน Booking พยายามเข้าหน้าแชท → ได้รับ 404</doc>
<status status="PASS" start="2026-03-17T23:23:54.032808" elapsed="15.157189"/>
</test>
<test id="s1-t5" name="CHAT07 - Passenger Opens Chat And Sees Only Role And Profile Picture" line="115">
<kw name="Login As Passenger" owner="resource">
<kw name="Open Browser" owner="SeleniumLibrary">
<msg time="2026-03-17T23:24:09.195098" level="INFO">Opening browser 'Chrome' to base url 'http://csse0269.cpkku.com/login'.</msg>
<arg>${LOGIN URL}</arg>
<arg>${BROWSER}</arg>
<arg>alias=passenger_browser</arg>
<doc>Opens a new browser instance to the optional ``url``.</doc>
<status status="PASS" start="2026-03-17T23:24:09.194505" elapsed="2.168967"/>
</kw>
<kw name="Maximize Browser Window" owner="SeleniumLibrary">
<doc>Maximizes current browser window.</doc>
<status status="PASS" start="2026-03-17T23:24:11.365586" elapsed="0.878166"/>
</kw>
<kw name="Set Selenium Speed" owner="SeleniumLibrary">
<arg>${DELAY}</arg>
<doc>Sets the delay that is waited after each Selenium command.</doc>
<status status="PASS" start="2026-03-17T23:24:12.244653" elapsed="0.001476"/>
</kw>
<kw name="Title Should Be" owner="SeleniumLibrary">
<msg time="2026-03-17T23:24:12.757003" level="INFO">Page title is 'ไปนำแหน่'.</msg>
<arg>ไปนำแหน่</arg>
<doc>Verifies that the current page title equals ``title``.</doc>
<status status="PASS" start="2026-03-17T23:24:12.246520" elapsed="0.510848"/>
</kw>
<kw name="Input Username" owner="resource">
<kw name="Input Text" owner="SeleniumLibrary">
<msg time="2026-03-17T23:24:12.760327" level="INFO">Typing text 'Billy12' into text field 'id:identifier'.</msg>
<arg>id:identifier</arg>
<arg>${username}</arg>
<doc>Types the given ``text`` into the text field identified by ``locator``.</doc>
<status status="PASS" start="2026-03-17T23:24:12.759534" elapsed="1.682148"/>
</kw>
<arg>${PASSENGER USER}</arg>
<status status="PASS" start="2026-03-17T23:24:12.758358" elapsed="1.683610"/>
</kw>
<kw name="Input Password" owner="resource">
<kw name="Input Text" owner="SeleniumLibrary">
<msg time="2026-03-17T23:24:14.443509" level="INFO">Typing text 'billy12345678' into text field 'id:password'.</msg>
<arg>id:password</arg>
<arg>${password}</arg>
<doc>Types the given ``text`` into the text field identified by ``locator``.</doc>
<status status="PASS" start="2026-03-17T23:24:14.443023" elapsed="1.593463"/>
</kw>
<arg>${PASSENGER PASS}</arg>
<status status="PASS" start="2026-03-17T23:24:14.442357" elapsed="1.594471"/>
</kw>
<kw name="Submit Login" owner="resource">
<kw name="Click Button" owner="SeleniumLibrary">
<msg time="2026-03-17T23:24:16.038432" level="INFO">Clicking button 'xpath://button[@type="submit"]'.</msg>
<arg>xpath://button[@type="submit"]</arg>
<doc>Clicks the button identified by ``locator``.</doc>
<status status="PASS" start="2026-03-17T23:24:16.037975" elapsed="2.609381"/>
</kw>
<status status="PASS" start="2026-03-17T23:24:16.037265" elapsed="2.610500"/>
</kw>
<kw name="Sleep" owner="BuiltIn">
<msg time="2026-03-17T23:24:20.649702" level="INFO">Slept 2 seconds.</msg>
<arg>2s</arg>
<doc>Pauses the test executed for the given time.</doc>
<status status="PASS" start="2026-03-17T23:24:18.648091" elapsed="2.001845"/>
</kw>
<status status="PASS" start="2026-03-17T23:24:09.193852" elapsed="11.456294"/>
</kw>
<kw name="Sleep" owner="BuiltIn">
<msg time="2026-03-17T23:24:22.651658" level="INFO">Slept 2 seconds.</msg>
<arg>2s</arg>
<doc>Pauses the test executed for the given time.</doc>
<status status="PASS" start="2026-03-17T23:24:20.650659" elapsed="2.001318"/>
</kw>
<kw name="Go To My Trips Page" owner="resource">
<kw name="Go To" owner="SeleniumLibrary">
<msg time="2026-03-17T23:24:22.653735" level="INFO">Opening url 'http://csse0269.cpkku.com/myTrip'</msg>
<arg>${MY TRIPS URL}</arg>
<doc>Navigates the current browser window to the provided ``url``.</doc>
<status status="PASS" start="2026-03-17T23:24:22.653384" elapsed="0.734653"/>
</kw>
<kw name="Sleep" owner="BuiltIn">
<msg time="2026-03-17T23:24:25.390413" level="INFO">Slept 2 seconds.</msg>
<arg>2s</arg>
<doc>Pauses the test executed for the given time.</doc>
<status status="PASS" start="2026-03-17T23:24:23.388376" elapsed="2.002241"/>
</kw>
<status status="PASS" start="2026-03-17T23:24:22.652652" elapsed="2.738153"/>
</kw>
<kw name="Sleep" owner="BuiltIn">
<msg time="2026-03-17T23:24:27.391852" level="INFO">Slept 2 seconds.</msg>
<arg>2s</arg>
<doc>Pauses the test executed for the given time.</doc>
<status status="PASS" start="2026-03-17T23:24:25.391127" elapsed="2.000961"/>
</kw>
<kw name="Click Button" owner="SeleniumLibrary">
<msg time="2026-03-17T23:24:27.393061" level="INFO">Clicking button 'xpath://button[contains(@class,'tab-button') and contains(.,'ยืนยันแล้ว')]'.</msg>
<arg>xpath://button[contains(@class,'tab-button') and contains(.,'ยืนยันแล้ว')]</arg>
<doc>Clicks the button identified by ``locator``.</doc>
<status status="PASS" start="2026-03-17T23:24:27.392589" elapsed="2.623704"/>
</kw>
<kw name="Sleep" owner="BuiltIn">
<msg time="2026-03-17T23:24:32.019322" level="INFO">Slept 2 seconds.</msg>
<arg>2s</arg>
<doc>Pauses the test executed for the given time.</doc>
<status status="PASS" start="2026-03-17T23:24:30.016853" elapsed="2.002838"/>
</kw>
<kw name="Click Button" owner="SeleniumLibrary">
<msg time="2026-03-17T23:24:32.020818" level="INFO">Clicking button 'xpath://button[normalize-space()='แชทกับผู้ขับ']'.</msg>
<arg>xpath://button[normalize-space()='แชทกับผู้ขับ']</arg>
<doc>Clicks the button identified by ``locator``.</doc>
<status status="PASS" start="2026-03-17T23:24:32.020277" elapsed="2.609569"/>
</kw>
<kw name="Sleep" owner="BuiltIn">
<msg time="2026-03-17T23:24:36.633325" level="INFO">Slept 2 seconds.</msg>
<arg>2s</arg>
<doc>Pauses the test executed for the given time.</doc>
<status status="PASS" start="2026-03-17T23:24:34.630819" elapsed="2.002941"/>
</kw>
<kw name="Page Should Contain Element" owner="SeleniumLibrary">
<msg time="2026-03-17T23:24:37.155795" level="INFO">Current page contains element 'xpath://div[contains(@class,'text-gray-500') and normalize-space()='คนขับ']'.</msg>
<arg>xpath://div[contains(@class,'text-gray-500') and normalize-space()='คนขับ']</arg>
<doc>Verifies that element ``locator`` is found on the current page.</doc>
<status status="PASS" start="2026-03-17T23:24:36.634663" elapsed="0.521630"/>
</kw>
<kw name="Page Should Not Contain Element" owner="SeleniumLibrary">
<msg time="2026-03-17T23:24:37.675638" level="INFO">Current page does not contain element 'xpath://div[contains(@class,'text-gray-500') and not(normalize-space()='คนขับ')]'.</msg>
<arg>xpath://div[contains(@class,'text-gray-500') and not(normalize-space()='คนขับ')]</arg>
<doc>Verifies that element ``locator`` is not found on the current page.</doc>
<status status="PASS" start="2026-03-17T23:24:37.157224" elapsed="0.518703"/>
</kw>
<kw name="Page Should Contain" owner="SeleniumLibrary">
<msg time="2026-03-17T23:24:38.703786" level="INFO">Current page contains text 'ข้อความถูกส่งอย่างปลอดภัย โดยไม่เปิดเผยข้อมูลส่วนตัว'.</msg>
<arg>ข้อความถูกส่งอย่างปลอดภัย โดยไม่เปิดเผยข้อมูลส่วนตัว</arg>
<doc>Verifies that current page contains ``text``.</doc>
<status status="PASS" start="2026-03-17T23:24:37.676441" elapsed="1.027636"/>
</kw>
<kw name="Close Browser Session" owner="resource" type="TEARDOWN">
<kw name="Close Browser" owner="SeleniumLibrary">
<doc>Closes the current browser.</doc>
<status status="PASS" start="2026-03-17T23:24:38.705683" elapsed="0.571249"/>
</kw>
<status status="PASS" start="2026-03-17T23:24:38.705011" elapsed="0.572225"/>
</kw>
<doc>Passenger เปิดหน้าแชท → แสดงเฉพาะ "คนขับ"
ไม่แสดงชื่อจริง</doc>
<status status="PASS" start="2026-03-17T23:24:09.191237" elapsed="30.086206"/>
</test>
<test id="s1-t6" name="CHAT08 - Passenger Sends Message And Driver Receives Within 5 Seconds" line="131">
<kw name="Login As Passenger" owner="resource">
<kw name="Open Browser" owner="SeleniumLibrary">
<msg time="2026-03-17T23:24:39.282615" level="INFO">Opening browser 'Chrome' to base url 'http://csse0269.cpkku.com/login'.</msg>
<arg>${LOGIN URL}</arg>
<arg>${BROWSER}</arg>
<arg>alias=passenger_browser</arg>
<doc>Opens a new browser instance to the optional ``url``.</doc>
<status status="PASS" start="2026-03-17T23:24:39.281768" elapsed="2.377774"/>
</kw>
<kw name="Maximize Browser Window" owner="SeleniumLibrary">
<doc>Maximizes current browser window.</doc>
<status status="PASS" start="2026-03-17T23:24:41.661488" elapsed="0.873408"/>
</kw>
<kw name="Set Selenium Speed" owner="SeleniumLibrary">
<arg>${DELAY}</arg>
<doc>Sets the delay that is waited after each Selenium command.</doc>
<status status="PASS" start="2026-03-17T23:24:42.535618" elapsed="0.001106"/>
</kw>
<kw name="Title Should Be" owner="SeleniumLibrary">
<msg time="2026-03-17T23:24:43.049209" level="INFO">Page title is 'ไปนำแหน่'.</msg>
<arg>ไปนำแหน่</arg>
<doc>Verifies that the current page title equals ``title``.</doc>
<status status="PASS" start="2026-03-17T23:24:42.537020" elapsed="0.512619"/>
</kw>
<kw name="Input Username" owner="resource">
<kw name="Input Text" owner="SeleniumLibrary">
<msg time="2026-03-17T23:24:43.052111" level="INFO">Typing text 'Billy12' into text field 'id:identifier'.</msg>
<arg>id:identifier</arg>
<arg>${username}</arg>
<doc>Types the given ``text`` into the text field identified by ``locator``.</doc>
<status status="PASS" start="2026-03-17T23:24:43.051433" elapsed="1.678190"/>
</kw>
<arg>${PASSENGER USER}</arg>
<status status="PASS" start="2026-03-17T23:24:43.050530" elapsed="1.679435"/>
</kw>
<kw name="Input Password" owner="resource">
<kw name="Input Text" owner="SeleniumLibrary">
<msg time="2026-03-17T23:24:44.731960" level="INFO">Typing text 'billy12345678' into text field 'id:password'.</msg>
<arg>id:password</arg>
<arg>${password}</arg>
<doc>Types the given ``text`` into the text field identified by ``locator``.</doc>
<status status="PASS" start="2026-03-17T23:24:44.731253" elapsed="1.600114"/>
</kw>
<arg>${PASSENGER PASS}</arg>
<status status="PASS" start="2026-03-17T23:24:44.730433" elapsed="1.601310"/>
</kw>
<kw name="Submit Login" owner="resource">
<kw name="Click Button" owner="SeleniumLibrary">
<msg time="2026-03-17T23:24:46.333068" level="INFO">Clicking button 'xpath://button[@type="submit"]'.</msg>
<arg>xpath://button[@type="submit"]</arg>
<doc>Clicks the button identified by ``locator``.</doc>
<status status="PASS" start="2026-03-17T23:24:46.332677" elapsed="2.609878"/>
</kw>
<status status="PASS" start="2026-03-17T23:24:46.332129" elapsed="2.611097"/>
</kw>
<kw name="Sleep" owner="BuiltIn">
<msg time="2026-03-17T23:24:50.947379" level="INFO">Slept 2 seconds.</msg>
<arg>2s</arg>
<doc>Pauses the test executed for the given time.</doc>
<status status="PASS" start="2026-03-17T23:24:48.943900" elapsed="2.003825"/>
</kw>
<status status="PASS" start="2026-03-17T23:24:39.281021" elapsed="11.667036"/>
</kw>
<kw name="Sleep" owner="BuiltIn">
<msg time="2026-03-17T23:24:52.951661" level="INFO">Slept 2 seconds.</msg>
<arg>2s</arg>
<doc>Pauses the test executed for the given time.</doc>
<status status="PASS" start="2026-03-17T23:24:50.949036" elapsed="2.003155"/>
</kw>
<kw name="Go To My Trips Page" owner="resource">
<kw name="Go To" owner="SeleniumLibrary">
<msg time="2026-03-17T23:24:52.955213" level="INFO">Opening url 'http://csse0269.cpkku.com/myTrip'</msg>
<arg>${MY TRIPS URL}</arg>
<doc>Navigates the current browser window to the provided ``url``.</doc>
<status status="PASS" start="2026-03-17T23:24:52.954657" elapsed="1.010793"/>
</kw>
<kw name="Sleep" owner="BuiltIn">
<msg time="2026-03-17T23:24:55.967208" level="INFO">Slept 2 seconds.</msg>
<arg>2s</arg>
<doc>Pauses the test executed for the given time.</doc>
<status status="PASS" start="2026-03-17T23:24:53.965867" elapsed="2.001566"/>
</kw>
<status status="PASS" start="2026-03-17T23:24:52.953370" elapsed="3.014228"/>
</kw>
<kw name="Sleep" owner="BuiltIn">
<msg time="2026-03-17T23:24:57.969857" level="INFO">Slept 2 seconds.</msg>
<arg>2s</arg>
<doc>Pauses the test executed for the given time.</doc>
<status status="PASS" start="2026-03-17T23:24:55.967879" elapsed="2.002209"/>
</kw>
<kw name="Click Button" owner="SeleniumLibrary">
<msg time="2026-03-17T23:24:57.971137" level="INFO">Clicking button 'xpath://button[contains(@class,'tab-button') and contains(.,'ยืนยันแล้ว')]'.</msg>
<arg>xpath://button[contains(@class,'tab-button') and contains(.,'ยืนยันแล้ว')]</arg>
<doc>Clicks the button identified by ``locator``.</doc>
<status status="PASS" start="2026-03-17T23:24:57.970545" elapsed="2.621271"/>
</kw>
<kw name="Sleep" owner="BuiltIn">
<msg time="2026-03-17T23:25:02.594623" level="INFO">Slept 2 seconds.</msg>
<arg>2s</arg>
<doc>Pauses the test executed for the given time.</doc>
<status status="PASS" start="2026-03-17T23:25:00.592731" elapsed="2.002378"/>
</kw>
<kw name="Click Button" owner="SeleniumLibrary">
<msg time="2026-03-17T23:25:02.597199" level="INFO">Clicking button 'xpath://button[normalize-space()='แชทกับผู้ขับ']'.</msg>
<arg>xpath://button[normalize-space()='แชทกับผู้ขับ']</arg>
<doc>Clicks the button identified by ``locator``.</doc>
<status status="PASS" start="2026-03-17T23:25:02.596094" elapsed="2.603134"/>
</kw>
<kw name="Sleep" owner="BuiltIn">
<msg time="2026-03-17T23:25:07.203675" level="INFO">Slept 2 seconds.</msg>
<arg>2s</arg>
<doc>Pauses the test executed for the given time.</doc>
<status status="PASS" start="2026-03-17T23:25:05.199744" elapsed="2.004413"/>
</kw>
<kw name="Input Text" owner="SeleniumLibrary">
<msg time="2026-03-17T23:25:07.205923" level="INFO">Typing text 'ทดสอบ CHAT09 สวัสดีค่ะ' into text field 'xpath://textarea[@placeholder='พิมพ์ข้อความ...']'.</msg>
<arg>${CHAT TEXTAREA}</arg>
<arg>ทดสอบ CHAT09 สวัสดีค่ะ</arg>
<doc>Types the given ``text`` into the text field identified by ``locator``.</doc>
<status status="PASS" start="2026-03-17T23:25:07.204957" elapsed="1.617926"/>
</kw>
<kw name="Wait Until Element Is Enabled" owner="SeleniumLibrary">
<arg>${CHAT SUBMIT BTN}</arg>
<arg>timeout=5s</arg>
<doc>Waits until the element ``locator`` is enabled.</doc>
<status status="PASS" start="2026-03-17T23:25:08.823130" elapsed="1.534058"/>
</kw>
<kw name="Click Button" owner="SeleniumLibrary">
<msg time="2026-03-17T23:25:10.358479" level="INFO">Clicking button 'xpath://button[@type='submit']'.</msg>
<arg>${CHAT SUBMIT BTN}</arg>
<doc>Clicks the button identified by ``locator``.</doc>
<status status="PASS" start="2026-03-17T23:25:10.357790" elapsed="2.611735"/>
</kw>
<kw name="Sleep" owner="BuiltIn">
<msg time="2026-03-17T23:25:13.973165" level="INFO">Slept 1 second.</msg>
<arg>1s</arg>
<doc>Pauses the test executed for the given time.</doc>
<status status="PASS" start="2026-03-17T23:25:12.970352" elapsed="1.003301"/>
</kw>
<kw name="Login As Driver" owner="resource">
<kw name="Open Browser To Login Page" owner="resource">
<kw name="Open Browser" owner="SeleniumLibrary">
<msg time="2026-03-17T23:25:13.977297" level="INFO">Opening browser 'Chrome' to base url 'http://csse0269.cpkku.com/login'.</msg>
<arg>${LOGIN URL}</arg>
<arg>${BROWSER}</arg>
<doc>Opens a new browser instance to the optional ``url``.</doc>
<status status="PASS" start="2026-03-17T23:25:13.976542" elapsed="2.117791"/>
</kw>
<kw name="Maximize Browser Window" owner="SeleniumLibrary">
<doc>Maximizes current browser window.</doc>
<status status="PASS" start="2026-03-17T23:25:16.096352" elapsed="0.877801"/>
</kw>
<kw name="Set Selenium Speed" owner="SeleniumLibrary">
<arg>${DELAY}</arg>
<doc>Sets the delay that is waited after each Selenium command.</doc>
<status status="PASS" start="2026-03-17T23:25:16.974735" elapsed="0.001244"/>
</kw>
<kw name="Title Should Be" owner="SeleniumLibrary">
<msg time="2026-03-17T23:25:17.490324" level="INFO">Page title is 'ไปนำแหน่'.</msg>
<arg>ไปนำแหน่</arg>
<doc>Verifies that the current page title equals ``title``.</doc>
<status status="PASS" start="2026-03-17T23:25:16.976527" elapsed="0.514221"/>
</kw>
<status status="PASS" start="2026-03-17T23:25:13.975962" elapsed="3.515125"/>
</kw>
<kw name="Input Username" owner="resource">
<kw name="Input Text" owner="SeleniumLibrary">
<msg time="2026-03-17T23:25:17.493446" level="INFO">Typing text 'user12' into text field 'id:identifier'.</msg>
<arg>id:identifier</arg>
<arg>${username}</arg>
<doc>Types the given ``text`` into the text field identified by ``locator``.</doc>
<status status="PASS" start="2026-03-17T23:25:17.492672" elapsed="1.665965"/>
</kw>
<arg>${DRIVER USER}</arg>
<status status="PASS" start="2026-03-17T23:25:17.491641" elapsed="1.667366"/>
</kw>
<kw name="Input Password" owner="resource">
<kw name="Input Text" owner="SeleniumLibrary">
<msg time="2026-03-17T23:25:19.161786" level="INFO">Typing text 'dog-east-just' into text field 'id:password'.</msg>
<arg>id:password</arg>
<arg>${password}</arg>
<doc>Types the given ``text`` into the text field identified by ``locator``.</doc>
<status status="PASS" start="2026-03-17T23:25:19.161047" elapsed="1.588877"/>
</kw>
<arg>${DRIVER PASS}</arg>
<status status="PASS" start="2026-03-17T23:25:19.159743" elapsed="1.590663"/>
</kw>
<kw name="Submit Login" owner="resource">
<kw name="Click Button" owner="SeleniumLibrary">
<msg time="2026-03-17T23:25:20.752016" level="INFO">Clicking button 'xpath://button[@type="submit"]'.</msg>
<arg>xpath://button[@type="submit"]</arg>
<doc>Clicks the button identified by ``locator``.</doc>
<status status="PASS" start="2026-03-17T23:25:20.751618" elapsed="2.603826"/>
</kw>
<status status="PASS" start="2026-03-17T23:25:20.750976" elapsed="2.604760"/>
</kw>
<kw name="Sleep" owner="BuiltIn">
<msg time="2026-03-17T23:25:25.358008" level="INFO">Slept 2 seconds.</msg>
<arg>2s</arg>
<doc>Pauses the test executed for the given time.</doc>
<status status="PASS" start="2026-03-17T23:25:23.356103" elapsed="2.002194"/>
</kw>
<status status="PASS" start="2026-03-17T23:25:13.974912" elapsed="11.383613"/>
</kw>
<kw name="Sleep" owner="BuiltIn">
<msg time="2026-03-17T23:25:27.360224" level="INFO">Slept 2 seconds.</msg>
<arg>2s</arg>
<doc>Pauses the test executed for the given time.</doc>
<status status="PASS" start="2026-03-17T23:25:25.359142" elapsed="2.001477"/>
</kw>
<kw name="Go To My Route Page" owner="resource">
<kw name="Go To" owner="SeleniumLibrary">
<msg time="2026-03-17T23:25:27.363305" level="INFO">Opening url 'http://csse0269.cpkku.com/myRoute'</msg>
<arg>${MY Route URL}</arg>
<doc>Navigates the current browser window to the provided ``url``.</doc>
<status status="PASS" start="2026-03-17T23:25:27.362700" elapsed="0.706606"/>
</kw>
<kw name="Sleep" owner="BuiltIn">
<msg time="2026-03-17T23:25:30.071735" level="INFO">Slept 2 seconds.</msg>
<arg>2s</arg>
<doc>Pauses the test executed for the given time.</doc>
<status status="PASS" start="2026-03-17T23:25:28.069704" elapsed="2.002418"/>
</kw>
<status status="PASS" start="2026-03-17T23:25:27.361537" elapsed="2.710978"/>
</kw>
<kw name="Sleep" owner="BuiltIn">
<msg time="2026-03-17T23:25:32.075177" level="INFO">Slept 2 seconds.</msg>
<arg>2s</arg>
<doc>Pauses the test executed for the given time.</doc>
<status status="PASS" start="2026-03-17T23:25:30.073183" elapsed="2.002329"/>
</kw>
<kw name="Click Button" owner="SeleniumLibrary">
<msg time="2026-03-17T23:25:32.076565" level="INFO">Clicking button 'xpath://button[contains(@class,'tab-button') and contains(.,'ยืนยันแล้ว')]'.</msg>
<arg>xpath://button[contains(@class,'tab-button') and contains(.,'ยืนยันแล้ว')]</arg>
<doc>Clicks the button identified by ``locator``.</doc>
<status status="PASS" start="2026-03-17T23:25:32.076018" elapsed="2.632379"/>
</kw>
<kw name="Sleep" owner="BuiltIn">
<msg time="2026-03-17T23:25:36.710556" level="INFO">Slept 2 seconds.</msg>
<arg>2s</arg>
<doc>Pauses the test executed for the given time.</doc>
<status status="PASS" start="2026-03-17T23:25:34.708692" elapsed="2.001973"/>
</kw>
<kw name="Click Button" owner="SeleniumLibrary">
<msg time="2026-03-17T23:25:36.711050" level="INFO">Clicking button 'xpath://button[normalize-space()='แชทกับผู้โดยสาร']'.</msg>
<arg>xpath://button[normalize-space()='แชทกับผู้โดยสาร']</arg>
<doc>Clicks the button identified by ``locator``.</doc>
<status status="PASS" start="2026-03-17T23:25:36.710862" elapsed="2.606430"/>
</kw>
<kw name="Sleep" owner="BuiltIn">
<msg time="2026-03-17T23:25:41.321618" level="INFO">Slept 2 seconds.</msg>
<arg>2s</arg>
<doc>Pauses the test executed for the given time.</doc>
<status status="PASS" start="2026-03-17T23:25:39.318301" elapsed="2.003666"/>
</kw>
<kw name="Sleep" owner="BuiltIn">
<msg time="2026-03-17T23:25:46.325877" level="INFO">Slept 5 seconds.</msg>
<arg>5s</arg>
<doc>Pauses the test executed for the given time.</doc>
<status status="PASS" start="2026-03-17T23:25:41.322669" elapsed="5.003973"/>
</kw>
<kw name="Page Should Contain" owner="SeleniumLibrary">
<msg time="2026-03-17T23:25:47.350300" level="INFO">Current page contains text 'ทดสอบ CHAT09 สวัสดีค่ะ'.</msg>
<arg>ทดสอบ CHAT09 สวัสดีค่ะ</arg>
<doc>Verifies that current page contains ``text``.</doc>
<status status="PASS" start="2026-03-17T23:25:46.327864" elapsed="1.022748"/>
</kw>
<kw name="Close All Browsers" owner="SeleniumLibrary" type="TEARDOWN">
<doc>Closes all open browsers and resets the browser cache.</doc>
<status status="PASS" start="2026-03-17T23:25:47.351419" elapsed="1.138058"/>
</kw>
<doc>Passenger ส่งข้อความ → Driver ได้รับข้อความภายใน 5 วินาที (Polling)</doc>
<status status="PASS" start="2026-03-17T23:24:39.278046" elapsed="69.211848"/>
</test>
<test id="s1-t7" name="CHAT09 - Passenger Sends Message And It Appears Immediately" line="160">
<kw name="Login As Passenger" owner="resource">
<kw name="Open Browser" owner="SeleniumLibrary">
<msg time="2026-03-17T23:25:48.495038" level="INFO">Opening browser 'Chrome' to base url 'http://csse0269.cpkku.com/login'.</msg>
<arg>${LOGIN URL}</arg>
<arg>${BROWSER}</arg>
<arg>alias=passenger_browser</arg>
<doc>Opens a new browser instance to the optional ``url``.</doc>
<status status="PASS" start="2026-03-17T23:25:48.494382" elapsed="2.182805"/>
</kw>
<kw name="Maximize Browser Window" owner="SeleniumLibrary">
<doc>Maximizes current browser window.</doc>
<status status="PASS" start="2026-03-17T23:25:50.678269" elapsed="0.874678"/>
</kw>
<kw name="Set Selenium Speed" owner="SeleniumLibrary">
<arg>${DELAY}</arg>
<doc>Sets the delay that is waited after each Selenium command.</doc>
<status status="PASS" start="2026-03-17T23:25:51.553486" elapsed="0.000704"/>
</kw>
<kw name="Title Should Be" owner="SeleniumLibrary">
<msg time="2026-03-17T23:25:52.066490" level="INFO">Page title is 'ไปนำแหน่'.</msg>
<arg>ไปนำแหน่</arg>
<doc>Verifies that the current page title equals ``title``.</doc>
<status status="PASS" start="2026-03-17T23:25:51.554400" elapsed="0.512343"/>
</kw>
<kw name="Input Username" owner="resource">
<kw name="Input Text" owner="SeleniumLibrary">
<msg time="2026-03-17T23:25:52.068957" level="INFO">Typing text 'Billy12' into text field 'id:identifier'.</msg>
<arg>id:identifier</arg>
<arg>${username}</arg>
<doc>Types the given ``text`` into the text field identified by ``locator``.</doc>
<status status="PASS" start="2026-03-17T23:25:52.068087" elapsed="1.663020"/>
</kw>
<arg>${PASSENGER USER}</arg>
<status status="PASS" start="2026-03-17T23:25:52.067305" elapsed="1.664094"/>
</kw>
<kw name="Input Password" owner="resource">
<kw name="Input Text" owner="SeleniumLibrary">
<msg time="2026-03-17T23:25:53.732857" level="INFO">Typing text 'billy12345678' into text field 'id:password'.</msg>
<arg>id:password</arg>
<arg>${password}</arg>
<doc>Types the given ``text`` into the text field identified by ``locator``.</doc>
<status status="PASS" start="2026-03-17T23:25:53.732464" elapsed="1.597223"/>
</kw>
<arg>${PASSENGER PASS}</arg>
<status status="PASS" start="2026-03-17T23:25:53.731807" elapsed="1.598155"/>
</kw>
<kw name="Submit Login" owner="resource">
<kw name="Click Button" owner="SeleniumLibrary">
<msg time="2026-03-17T23:25:55.331335" level="INFO">Clicking button 'xpath://button[@type="submit"]'.</msg>
<arg>xpath://button[@type="submit"]</arg>
<doc>Clicks the button identified by ``locator``.</doc>
<status status="PASS" start="2026-03-17T23:25:55.330914" elapsed="2.599427"/>
</kw>
<status status="PASS" start="2026-03-17T23:25:55.330359" elapsed="2.600359"/>
</kw>
<kw name="Sleep" owner="BuiltIn">
<msg time="2026-03-17T23:25:59.932374" level="INFO">Slept 2 seconds.</msg>
<arg>2s</arg>
<doc>Pauses the test executed for the given time.</doc>
<status status="PASS" start="2026-03-17T23:25:57.931091" elapsed="2.001526"/>
</kw>
<status status="PASS" start="2026-03-17T23:25:48.493620" elapsed="11.439207"/>
</kw>
<kw name="Sleep" owner="BuiltIn">
<msg time="2026-03-17T23:26:01.934970" level="INFO">Slept 2 seconds.</msg>
<arg>2s</arg>
<doc>Pauses the test executed for the given time.</doc>
<status status="PASS" start="2026-03-17T23:25:59.933286" elapsed="2.001923"/>
</kw>
<kw name="Go To My Trips Page" owner="resource">
<kw name="Go To" owner="SeleniumLibrary">
<msg time="2026-03-17T23:26:01.936860" level="INFO">Opening url 'http://csse0269.cpkku.com/myTrip'</msg>
<arg>${MY TRIPS URL}</arg>
<doc>Navigates the current browser window to the provided ``url``.</doc>
<status status="PASS" start="2026-03-17T23:26:01.936506" elapsed="0.719015"/>
</kw>
<kw name="Sleep" owner="BuiltIn">
<msg time="2026-03-17T23:26:04.657498" level="INFO">Slept 2 seconds.</msg>
<arg>2s</arg>
<doc>Pauses the test executed for the given time.</doc>
<status status="PASS" start="2026-03-17T23:26:02.656067" elapsed="2.001630"/>
</kw>
<status status="PASS" start="2026-03-17T23:26:01.935900" elapsed="2.721949"/>
</kw>
<kw name="Sleep" owner="BuiltIn">
<msg time="2026-03-17T23:26:06.660633" level="INFO">Slept 2 seconds.</msg>
<arg>2s</arg>
<doc>Pauses the test executed for the given time.</doc>
<status status="PASS" start="2026-03-17T23:26:04.658102" elapsed="2.002999"/>
</kw>
<kw name="Click Button" owner="SeleniumLibrary">
<msg time="2026-03-17T23:26:06.662680" level="INFO">Clicking button 'xpath://button[contains(@class,'tab-button') and contains(.,'ยืนยันแล้ว')]'.</msg>
<arg>xpath://button[contains(@class,'tab-button') and contains(.,'ยืนยันแล้ว')]</arg>
<doc>Clicks the button identified by ``locator``.</doc>
<status status="PASS" start="2026-03-17T23:26:06.661912" elapsed="2.614729"/>
</kw>
<kw name="Sleep" owner="BuiltIn">
<msg time="2026-03-17T23:26:11.278975" level="INFO">Slept 2 seconds.</msg>
<arg>2s</arg>
<doc>Pauses the test executed for the given time.</doc>
<status status="PASS" start="2026-03-17T23:26:09.277536" elapsed="2.001682"/>
</kw>
<kw name="Click Button" owner="SeleniumLibrary">
<msg time="2026-03-17T23:26:11.280207" level="INFO">Clicking button 'xpath://button[normalize-space()='แชทกับผู้ขับ']'.</msg>
<arg>xpath://button[normalize-space()='แชทกับผู้ขับ']</arg>
<doc>Clicks the button identified by ``locator``.</doc>
<status status="PASS" start="2026-03-17T23:26:11.279714" elapsed="2.603914"/>
</kw>
<kw name="Sleep" owner="BuiltIn">
<msg time="2026-03-17T23:26:15.886091" level="INFO">Slept 2 seconds.</msg>
<arg>2s</arg>
<doc>Pauses the test executed for the given time.</doc>
<status status="PASS" start="2026-03-17T23:26:13.884240" elapsed="2.002116"/>
</kw>
<kw name="Input Text" owner="SeleniumLibrary">
<msg time="2026-03-17T23:26:15.887447" level="INFO">Typing text 'ทดสอบ CHAT10 สวัสดีค่ะ' into text field 'xpath://textarea[@placeholder='พิมพ์ข้อความ...']'.</msg>
<arg>${CHAT TEXTAREA}</arg>
<arg>ทดสอบ CHAT10 สวัสดีค่ะ</arg>
<doc>Types the given ``text`` into the text field identified by ``locator``.</doc>
<status status="PASS" start="2026-03-17T23:26:15.886891" elapsed="1.613355"/>
</kw>
<kw name="Wait Until Element Is Enabled" owner="SeleniumLibrary">
<arg>${CHAT SUBMIT BTN}</arg>
<arg>timeout=5s</arg>
<doc>Waits until the element ``locator`` is enabled.</doc>
<status status="PASS" start="2026-03-17T23:26:17.500832" elapsed="1.544724"/>
</kw>
<kw name="Click Button" owner="SeleniumLibrary">
<msg time="2026-03-17T23:26:19.047244" level="INFO">Clicking button 'xpath://button[@type='submit']'.</msg>
<arg>${CHAT SUBMIT BTN}</arg>
<doc>Clicks the button identified by ``locator``.</doc>
<status status="PASS" start="2026-03-17T23:26:19.046452" elapsed="2.603806"/>
</kw>
<kw name="Sleep" owner="BuiltIn">
<msg time="2026-03-17T23:26:22.652683" level="INFO">Slept 1 second.</msg>
<arg>1s</arg>
<doc>Pauses the test executed for the given time.</doc>
<status status="PASS" start="2026-03-17T23:26:21.650803" elapsed="1.002277"/>
</kw>
<kw name="Page Should Contain" owner="SeleniumLibrary">
<msg time="2026-03-17T23:26:23.683490" level="INFO">Current page contains text 'ทดสอบ CHAT10 สวัสดีค่ะ'.</msg>
<arg>ทดสอบ CHAT10 สวัสดีค่ะ</arg>
<doc>Verifies that current page contains ``text``.</doc>
<status status="PASS" start="2026-03-17T23:26:22.654021" elapsed="1.029996"/>
</kw>
<kw name="Close Browser Session" owner="resource" type="TEARDOWN">
<kw name="Close Browser" owner="SeleniumLibrary">
<doc>Closes the current browser.</doc>
<status status="PASS" start="2026-03-17T23:26:23.686296" elapsed="0.570894"/>
</kw>
<status status="PASS" start="2026-03-17T23:26:23.685349" elapsed="0.572114"/>
</kw>
<doc>Passenger พิมพ์และส่งข้อความ → ข้อความแสดงผลในหน้าแชทของตัวเองทันที</doc>
<status status="PASS" start="2026-03-17T23:25:48.490545" elapsed="35.767596"/>
</test>
<test id="s1-t8" name="CHAT10 - Warning Appears When Types Phone Number" line="181">
<kw name="Login As Passenger" owner="resource">
<kw name="Open Browser" owner="SeleniumLibrary">
<msg time="2026-03-17T23:26:24.266496" level="INFO">Opening browser 'Chrome' to base url 'http://csse0269.cpkku.com/login'.</msg>
<arg>${LOGIN URL}</arg>
<arg>${BROWSER}</arg>
<arg>alias=passenger_browser</arg>
<doc>Opens a new browser instance to the optional ``url``.</doc>
<status status="PASS" start="2026-03-17T23:26:24.265935" elapsed="2.068205"/>
</kw>
<kw name="Maximize Browser Window" owner="SeleniumLibrary">
<doc>Maximizes current browser window.</doc>
<status status="PASS" start="2026-03-17T23:26:26.335207" elapsed="0.880312"/>
</kw>
<kw name="Set Selenium Speed" owner="SeleniumLibrary">
<arg>${DELAY}</arg>
<doc>Sets the delay that is waited after each Selenium command.</doc>
<status status="PASS" start="2026-03-17T23:26:27.217129" elapsed="0.002567"/>
</kw>
<kw name="Title Should Be" owner="SeleniumLibrary">
<msg time="2026-03-17T23:26:27.749131" level="INFO">Page title is 'ไปนำแหน่'.</msg>
<arg>ไปนำแหน่</arg>
<doc>Verifies that the current page title equals ``title``.</doc>
<status status="PASS" start="2026-03-17T23:26:27.220092" elapsed="0.529335"/>
</kw>
<kw name="Input Username" owner="resource">
<kw name="Input Text" owner="SeleniumLibrary">
<msg time="2026-03-17T23:26:27.751517" level="INFO">Typing text 'Billy12' into text field 'id:identifier'.</msg>
<arg>id:identifier</arg>
<arg>${username}</arg>
<doc>Types the given ``text`` into the text field identified by ``locator``.</doc>
<status status="PASS" start="2026-03-17T23:26:27.750992" elapsed="1.658403"/>
</kw>
<arg>${PASSENGER USER}</arg>
<status status="PASS" start="2026-03-17T23:26:27.750158" elapsed="1.659732"/>
</kw>
<kw name="Input Password" owner="resource">
<kw name="Input Text" owner="SeleniumLibrary">
<msg time="2026-03-17T23:26:29.412647" level="INFO">Typing text 'billy12345678' into text field 'id:password'.</msg>
<arg>id:password</arg>
<arg>${password}</arg>
<doc>Types the given ``text`` into the text field identified by ``locator``.</doc>
<status status="PASS" start="2026-03-17T23:26:29.411688" elapsed="1.590565"/>
</kw>
<arg>${PASSENGER PASS}</arg>
<status status="PASS" start="2026-03-17T23:26:29.410526" elapsed="1.592236"/>
</kw>
<kw name="Submit Login" owner="resource">
<kw name="Click Button" owner="SeleniumLibrary">
<msg time="2026-03-17T23:26:31.004574" level="INFO">Clicking button 'xpath://button[@type="submit"]'.</msg>
<arg>xpath://button[@type="submit"]</arg>
<doc>Clicks the button identified by ``locator``.</doc>
<status status="PASS" start="2026-03-17T23:26:31.004091" elapsed="2.607180"/>
</kw>
<status status="PASS" start="2026-03-17T23:26:31.003384" elapsed="2.608205"/>
</kw>
<kw name="Sleep" owner="BuiltIn">
<msg time="2026-03-17T23:26:35.613706" level="INFO">Slept 2 seconds.</msg>
<arg>2s</arg>
<doc>Pauses the test executed for the given time.</doc>
<status status="PASS" start="2026-03-17T23:26:33.611927" elapsed="2.002163"/>
</kw>
<status status="PASS" start="2026-03-17T23:26:24.265298" elapsed="11.349172"/>
</kw>
<kw name="Sleep" owner="BuiltIn">
<msg time="2026-03-17T23:26:37.618182" level="INFO">Slept 2 seconds.</msg>
<arg>2s</arg>
<doc>Pauses the test executed for the given time.</doc>
<status status="PASS" start="2026-03-17T23:26:35.615409" elapsed="2.003022"/>
</kw>
<kw name="Go To My Trips Page" owner="resource">
<kw name="Go To" owner="SeleniumLibrary">
<msg time="2026-03-17T23:26:37.619875" level="INFO">Opening url 'http://csse0269.cpkku.com/myTrip'</msg>
<arg>${MY TRIPS URL}</arg>
<doc>Navigates the current browser window to the provided ``url``.</doc>
<status status="PASS" start="2026-03-17T23:26:37.619608" elapsed="0.657893"/>
</kw>
<kw name="Sleep" owner="BuiltIn">
<msg time="2026-03-17T23:26:40.280347" level="INFO">Slept 2 seconds.</msg>
<arg>2s</arg>
<doc>Pauses the test executed for the given time.</doc>
<status status="PASS" start="2026-03-17T23:26:38.278543" elapsed="2.001976"/>
</kw>
<status status="PASS" start="2026-03-17T23:26:37.619016" elapsed="2.661673"/>
</kw>
<kw name="Sleep" owner="BuiltIn">
<msg time="2026-03-17T23:26:42.283668" level="INFO">Slept 2 seconds.</msg>
<arg>2s</arg>
<doc>Pauses the test executed for the given time.</doc>
<status status="PASS" start="2026-03-17T23:26:40.281002" elapsed="2.005245"/>
</kw>
<kw name="Click Button" owner="SeleniumLibrary">
<msg time="2026-03-17T23:26:42.290272" level="INFO">Clicking button 'xpath://button[contains(@class,'tab-button') and contains(.,'ยืนยันแล้ว')]'.</msg>
<arg>xpath://button[contains(@class,'tab-button') and contains(.,'ยืนยันแล้ว')]</arg>
<doc>Clicks the button identified by ``locator``.</doc>
<status status="PASS" start="2026-03-17T23:26:42.288645" elapsed="2.638310"/>
</kw>
<kw name="Sleep" owner="BuiltIn">
<msg time="2026-03-17T23:26:46.931154" level="INFO">Slept 2 seconds.</msg>
<arg>2s</arg>
<doc>Pauses the test executed for the given time.</doc>
<status status="PASS" start="2026-03-17T23:26:44.928425" elapsed="2.003053"/>
</kw>
<kw name="Click Button" owner="SeleniumLibrary">
<msg time="2026-03-17T23:26:46.933194" level="INFO">Clicking button 'xpath://button[normalize-space()='แชทกับผู้ขับ']'.</msg>
<arg>xpath://button[normalize-space()='แชทกับผู้ขับ']</arg>
<doc>Clicks the button identified by ``locator``.</doc>
<status status="PASS" start="2026-03-17T23:26:46.932528" elapsed="3.036112"/>
</kw>
<kw name="Sleep" owner="BuiltIn">
<msg time="2026-03-17T23:26:51.970064" level="INFO">Slept 2 seconds.</msg>
<arg>2s</arg>
<doc>Pauses the test executed for the given time.</doc>
<status status="PASS" start="2026-03-17T23:26:49.968881" elapsed="2.002038"/>
</kw>
<kw name="Input Text" owner="SeleniumLibrary">
<msg time="2026-03-17T23:26:51.974254" level="INFO">Typing text 'ติดต่อผมได้เลยครับ 0812345678' into text field 'xpath://textarea[@placeholder='พิมพ์ข้อความ...']'.</msg>
<arg>${CHAT TEXTAREA}</arg>
<arg>ติดต่อผมได้เลยครับ 0812345678</arg>
<doc>Types the given ``text`` into the text field identified by ``locator``.</doc>
<status status="PASS" start="2026-03-17T23:26:51.973302" elapsed="1.687906"/>
</kw>
<kw name="Sleep" owner="BuiltIn">
<msg time="2026-03-17T23:26:54.664477" level="INFO">Slept 1 second.</msg>
<arg>1s</arg>
<doc>Pauses the test executed for the given time.</doc>
<status status="PASS" start="2026-03-17T23:26:53.662084" elapsed="1.002648"/>
</kw>
<kw name="Page Should Contain Element" owner="SeleniumLibrary">
<msg time="2026-03-17T23:26:55.182974" level="INFO">Current page contains element 'xpath://*[contains(text(),'ตรวจพบข้อมูลที่อาจเป็น')]'.</msg>
<arg>${PRIVACY WARNING}</arg>
<doc>Verifies that element ``locator`` is found on the current page.</doc>
<status status="PASS" start="2026-03-17T23:26:54.665320" elapsed="0.517919"/>
</kw>
<kw name="Page Should Contain" owner="SeleniumLibrary">
<msg time="2026-03-17T23:26:56.210858" level="INFO">Current page contains text 'ตรวจพบข้อมูลที่อาจเป็นเบอร์โทรศัพท์, เลขบัญชีธนาคารในข้อความ กรุณาระวังการเปิดเผยข้อมูลส่วนตัว'.</msg>
<arg>ตรวจพบข้อมูลที่อาจเป็นเบอร์โทรศัพท์, เลขบัญชีธนาคารในข้อความ กรุณาระวังการเปิดเผยข้อมูลส่วนตัว</arg>
<doc>Verifies that current page contains ``text``.</doc>
<status status="PASS" start="2026-03-17T23:26:55.183731" elapsed="1.028133"/>
</kw>
<kw name="Close Browser Session" owner="resource" type="TEARDOWN">
<kw name="Close Browser" owner="SeleniumLibrary">
<doc>Closes the current browser.</doc>
<status status="PASS" start="2026-03-17T23:26:56.215222" elapsed="0.569686"/>
</kw>
<status status="PASS" start="2026-03-17T23:26:56.214286" elapsed="0.570941"/>
</kw>
<doc>พิมพ์เบอร์โทรรูปแบบมาตรฐาน "0812345678" ในช่องข้อความ
ผลที่คาดหวัง: warning แสดงใต้ช่องพิมพ์ทันทีขณะพิมพ์
"ตรวจพบข้อมูลที่อาจเป็นเบอร์โทรศัพท์...กรุณาระวังการเปิดเผยข้อมูลส่วนตัว"</doc>
<status status="PASS" start="2026-03-17T23:26:24.259004" elapsed="32.526551"/>
</test>
<test id="s1-t9" name="CHAT11 - Warning Appears When Types Phone Number With Separators" line="199">
<kw name="Login As Passenger" owner="resource">
<kw name="Open Browser" owner="SeleniumLibrary">
<msg time="2026-03-17T23:26:56.788940" level="INFO">Opening browser 'Chrome' to base url 'http://csse0269.cpkku.com/login'.</msg>
<arg>${LOGIN URL}</arg>
<arg>${BROWSER}</arg>
<arg>alias=passenger_browser</arg>
<doc>Opens a new browser instance to the optional ``url``.</doc>
<status status="PASS" start="2026-03-17T23:26:56.788569" elapsed="2.784087"/>
</kw>
<kw name="Maximize Browser Window" owner="SeleniumLibrary">
<doc>Maximizes current browser window.</doc>
<status status="PASS" start="2026-03-17T23:26:59.573948" elapsed="0.883624"/>
</kw>
<kw name="Set Selenium Speed" owner="SeleniumLibrary">
<arg>${DELAY}</arg>
<doc>Sets the delay that is waited after each Selenium command.</doc>
<status status="PASS" start="2026-03-17T23:27:00.458245" elapsed="0.001073"/>
</kw>
<kw name="Title Should Be" owner="SeleniumLibrary">
<msg time="2026-03-17T23:27:00.975523" level="INFO">Page title is 'ไปนำแหน่'.</msg>
<arg>ไปนำแหน่</arg>
<doc>Verifies that the current page title equals ``title``.</doc>
<status status="PASS" start="2026-03-17T23:27:00.459636" elapsed="0.516041"/>
</kw>
<kw name="Input Username" owner="resource">
<kw name="Input Text" owner="SeleniumLibrary">
<msg time="2026-03-17T23:27:00.980600" level="INFO">Typing text 'Billy12' into text field 'id:identifier'.</msg>
<arg>id:identifier</arg>
<arg>${username}</arg>
<doc>Types the given ``text`` into the text field identified by ``locator``.</doc>
<status status="PASS" start="2026-03-17T23:27:00.980302" elapsed="1.652522"/>
</kw>
<arg>${PASSENGER USER}</arg>
<status status="PASS" start="2026-03-17T23:27:00.979728" elapsed="1.653580"/>
</kw>
<kw name="Input Password" owner="resource">
<kw name="Input Text" owner="SeleniumLibrary">
<msg time="2026-03-17T23:27:02.636171" level="INFO">Typing text 'billy12345678' into text field 'id:password'.</msg>
<arg>id:password</arg>
<arg>${password}</arg>
<doc>Types the given ``text`` into the text field identified by ``locator``.</doc>
<status status="PASS" start="2026-03-17T23:27:02.635503" elapsed="1.594945"/>
</kw>
<arg>${PASSENGER PASS}</arg>
<status status="PASS" start="2026-03-17T23:27:02.634051" elapsed="1.597110"/>
</kw>
<kw name="Submit Login" owner="resource">
<kw name="Click Button" owner="SeleniumLibrary">
<msg time="2026-03-17T23:27:04.233578" level="INFO">Clicking button 'xpath://button[@type="submit"]'.</msg>
<arg>xpath://button[@type="submit"]</arg>
<doc>Clicks the button identified by ``locator``.</doc>
<status status="PASS" start="2026-03-17T23:27:04.232988" elapsed="2.613255"/>
</kw>
<status status="PASS" start="2026-03-17T23:27:04.232052" elapsed="2.614598"/>
</kw>
<kw name="Sleep" owner="BuiltIn">
<msg time="2026-03-17T23:27:08.850081" level="INFO">Slept 2 seconds.</msg>
<arg>2s</arg>
<doc>Pauses the test executed for the given time.</doc>
<status status="PASS" start="2026-03-17T23:27:06.846983" elapsed="2.003368"/>
</kw>
<status status="PASS" start="2026-03-17T23:26:56.788081" elapsed="12.062488"/>
</kw>
<kw name="Sleep" owner="BuiltIn">
<msg time="2026-03-17T23:27:10.852418" level="INFO">Slept 2 seconds.</msg>
<arg>2s</arg>
<doc>Pauses the test executed for the given time.</doc>
<status status="PASS" start="2026-03-17T23:27:08.851140" elapsed="2.001493"/>
</kw>
<kw name="Go To My Trips Page" owner="resource">
<kw name="Go To" owner="SeleniumLibrary">
<msg time="2026-03-17T23:27:10.853455" level="INFO">Opening url 'http://csse0269.cpkku.com/myTrip'</msg>
<arg>${MY TRIPS URL}</arg>
<doc>Navigates the current browser window to the provided ``url``.</doc>
<status status="PASS" start="2026-03-17T23:27:10.853300" elapsed="0.700611"/>
</kw>
<kw name="Sleep" owner="BuiltIn">
<msg time="2026-03-17T23:27:13.555465" level="INFO">Slept 2 seconds.</msg>
<arg>2s</arg>
<doc>Pauses the test executed for the given time.</doc>
<status status="PASS" start="2026-03-17T23:27:11.554325" elapsed="2.001250"/>
</kw>
<status status="PASS" start="2026-03-17T23:27:10.852999" elapsed="2.702700"/>
</kw>
<kw name="Sleep" owner="BuiltIn">
<msg time="2026-03-17T23:27:15.557352" level="INFO">Slept 2 seconds.</msg>
<arg>2s</arg>
<doc>Pauses the test executed for the given time.</doc>
<status status="PASS" start="2026-03-17T23:27:13.555884" elapsed="2.001689"/>
</kw>
<kw name="Click Button" owner="SeleniumLibrary">
<msg time="2026-03-17T23:27:15.558556" level="INFO">Clicking button 'xpath://button[contains(@class,'tab-button') and contains(.,'ยืนยันแล้ว')]'.</msg>
<arg>xpath://button[contains(@class,'tab-button') and contains(.,'ยืนยันแล้ว')]</arg>
<doc>Clicks the button identified by ``locator``.</doc>
<status status="PASS" start="2026-03-17T23:27:15.558068" elapsed="2.618443"/>
</kw>
<kw name="Sleep" owner="BuiltIn">
<msg time="2026-03-17T23:27:20.179031" level="INFO">Slept 2 seconds.</msg>
<arg>2s</arg>
<doc>Pauses the test executed for the given time.</doc>
<status status="PASS" start="2026-03-17T23:27:18.176754" elapsed="2.002643"/>
</kw>
<kw name="Click Button" owner="SeleniumLibrary">
<msg time="2026-03-17T23:27:20.180927" level="INFO">Clicking button 'xpath://button[normalize-space()='แชทกับผู้ขับ']'.</msg>
<arg>xpath://button[normalize-space()='แชทกับผู้ขับ']</arg>
<doc>Clicks the button identified by ``locator``.</doc>
<status status="PASS" start="2026-03-17T23:27:20.180136" elapsed="2.605843"/>
</kw>
<kw name="Sleep" owner="BuiltIn">
<msg time="2026-03-17T23:27:24.788816" level="INFO">Slept 2 seconds.</msg>
<arg>2s</arg>
<doc>Pauses the test executed for the given time.</doc>
<status status="PASS" start="2026-03-17T23:27:22.786259" elapsed="2.003192"/>
</kw>
<kw name="Input Text" owner="SeleniumLibrary">
<msg time="2026-03-17T23:27:24.791920" level="INFO">Typing text '081-234-5678' into text field 'xpath://textarea[@placeholder='พิมพ์ข้อความ...']'.</msg>
<arg>${CHAT TEXTAREA}</arg>
<arg>081-234-5678</arg>
<doc>Types the given ``text`` into the text field identified by ``locator``.</doc>
<status status="PASS" start="2026-03-17T23:27:24.790590" elapsed="1.596667"/>
</kw>
<kw name="Sleep" owner="BuiltIn">
<msg time="2026-03-17T23:27:27.390233" level="INFO">Slept 1 second.</msg>
<arg>1s</arg>
<doc>Pauses the test executed for the given time.</doc>
<status status="PASS" start="2026-03-17T23:27:26.387929" elapsed="1.002690"/>
</kw>
<kw name="Page Should Contain Element" owner="SeleniumLibrary">
<msg time="2026-03-17T23:27:27.908103" level="INFO">Current page contains element 'xpath://*[contains(text(),'ตรวจพบข้อมูลที่อาจเป็น')]'.</msg>
<arg>${PRIVACY WARNING}</arg>
<doc>Verifies that element ``locator`` is found on the current page.</doc>
<status status="PASS" start="2026-03-17T23:27:27.391421" elapsed="0.517005"/>
</kw>
<kw name="Page Should Contain" owner="SeleniumLibrary">
<msg time="2026-03-17T23:27:28.936027" level="INFO">Current page contains text 'ตรวจพบข้อมูลที่อาจเป็นเบอร์โทรศัพท์ในข้อความ กรุณาระวังการเปิดเผยข้อมูลส่วนตัว'.</msg>
<arg>ตรวจพบข้อมูลที่อาจเป็นเบอร์โทรศัพท์ในข้อความ กรุณาระวังการเปิดเผยข้อมูลส่วนตัว</arg>
<doc>Verifies that current page contains ``text``.</doc>
<status status="PASS" start="2026-03-17T23:27:27.910619" elapsed="1.025978"/>
</kw>
<kw name="Close Browser Session" owner="resource" type="TEARDOWN">
<kw name="Close Browser" owner="SeleniumLibrary">
<doc>Closes the current browser.</doc>
<status status="PASS" start="2026-03-17T23:27:28.938501" elapsed="0.575945"/>
</kw>
<status status="PASS" start="2026-03-17T23:27:28.937737" elapsed="0.577129"/>
</kw>
<doc>พิมพ์เบอร์โทรที่มีขีดคั่น "081-234-5678"
(หลบเลี่ยง regex ด้วย separator — ระบบใช้ pattern S = [s.-_*/|,]*)
ผลที่คาดหวัง: warning ยังปรากฏ — ระบบ detect evasion ได้</doc>
<status status="PASS" start="2026-03-17T23:26:56.786439" elapsed="32.728672"/>
</test>
<test id="s1-t10" name="CHAT12 - Detect Phone With Separator" line="217">
<kw name="Login As Passenger" owner="resource">
<kw name="Open Browser" owner="SeleniumLibrary">
<msg time="2026-03-17T23:27:29.523222" level="INFO">Opening browser 'Chrome' to base url 'http://csse0269.cpkku.com/login'.</msg>
<arg>${LOGIN URL}</arg>
<arg>${BROWSER}</arg>
<arg>alias=passenger_browser</arg>
<doc>Opens a new browser instance to the optional ``url``.</doc>
<status status="PASS" start="2026-03-17T23:27:29.522225" elapsed="2.362376"/>
</kw>
<kw name="Maximize Browser Window" owner="SeleniumLibrary">
<doc>Maximizes current browser window.</doc>
<status status="PASS" start="2026-03-17T23:27:31.885879" elapsed="0.819302"/>
</kw>
<kw name="Set Selenium Speed" owner="SeleniumLibrary">
<arg>${DELAY}</arg>
<doc>Sets the delay that is waited after each Selenium command.</doc>
<status status="PASS" start="2026-03-17T23:27:32.706711" elapsed="0.003927"/>
</kw>
<kw name="Title Should Be" owner="SeleniumLibrary">
[...]
</kw>
<kw name="Click Button" owner="SeleniumLibrary">
<msg time="2026-03-17T23:36:58.320747" level="INFO">Clicking button 'xpath://button[contains(@class,'tab-button') and contains(.,'ยืนยันแล้ว')]'.</msg>
<arg>xpath://button[contains(@class,'tab-button') and contains(.,'ยืนยันแล้ว')]</arg>
<doc>Clicks the button identified by ``locator``.</doc>
<status status="PASS" start="2026-03-17T23:36:58.320220" elapsed="2.600114"/>
</kw>
<kw name="Sleep" owner="BuiltIn">
<msg time="2026-03-17T23:37:02.922783" level="INFO">Slept 2 seconds.</msg>
<arg>2s</arg>
<doc>Pauses the test executed for the given time.</doc>
<status status="PASS" start="2026-03-17T23:37:00.920894" elapsed="2.002266"/>
</kw>
<kw name="Click Button" owner="SeleniumLibrary">
<msg time="2026-03-17T23:37:02.924108" level="INFO">Clicking button 'xpath://button[normalize-space()='แชทกับผู้ขับ']'.</msg>
<arg>xpath://button[normalize-space()='แชทกับผู้ขับ']</arg>
<doc>Clicks the button identified by ``locator``.</doc>
<status status="PASS" start="2026-03-17T23:37:02.923640" elapsed="2.607693"/>
</kw>
<kw name="Sleep" owner="BuiltIn">
<msg time="2026-03-17T23:37:07.533093" level="INFO">Slept 2 seconds.</msg>
<arg>2s</arg>
<doc>Pauses the test executed for the given time.</doc>
<status status="PASS" start="2026-03-17T23:37:05.531784" elapsed="2.001580"/>
</kw>
<kw name="Input Text" owner="SeleniumLibrary">
<msg time="2026-03-17T23:37:07.534993" level="INFO">Typing text 'ส่งของมาที่ 10900 ได้เลยครับ' into text field 'xpath://textarea[@placeholder='พิมพ์ข้อความ...']'.</msg>
<arg>${CHAT TEXTAREA}</arg>
<arg>ส่งของมาที่ 10900 ได้เลยครับ</arg>
<doc>Types the given ``text`` into the text field identified by ``locator``.</doc>
<status status="PASS" start="2026-03-17T23:37:07.533985" elapsed="1.622085"/>
</kw>
<kw name="Sleep" owner="BuiltIn">
<msg time="2026-03-17T23:37:10.158507" level="INFO">Slept 1 second.</msg>
<arg>1s</arg>
<doc>Pauses the test executed for the given time.</doc>
<status status="PASS" start="2026-03-17T23:37:09.156846" elapsed="1.001931"/>
</kw>
<kw name="Page Should Contain Element" owner="SeleniumLibrary">
<msg time="2026-03-17T23:37:10.680600" level="INFO">Current page contains element 'xpath://*[contains(text(),'ตรวจพบข้อมูลที่อาจเป็น')]'.</msg>
<arg>${PRIVACY WARNING}</arg>
<doc>Verifies that element ``locator`` is found on the current page.</doc>
<status status="PASS" start="2026-03-17T23:37:10.159282" elapsed="0.521613"/>
</kw>
<kw name="Page Should Contain" owner="SeleniumLibrary">
<msg time="2026-03-17T23:37:11.706654" level="INFO">Current page contains text 'ตรวจพบข้อมูลที่อาจเป็นที่อยู่ในข้อความ กรุณาระวังการเปิดเผยข้อมูลส่วนตัว'.</msg>
<arg>ตรวจพบข้อมูลที่อาจเป็นที่อยู่ในข้อความ กรุณาระวังการเปิดเผยข้อมูลส่วนตัว</arg>
<doc>Verifies that current page contains ``text``.</doc>
<status status="PASS" start="2026-03-17T23:37:10.681293" elapsed="1.025682"/>
</kw>
<kw name="Close Browser Session" owner="resource" type="TEARDOWN">
<kw name="Close Browser" owner="SeleniumLibrary">
<doc>Closes the current browser.</doc>
<status status="PASS" start="2026-03-17T23:37:11.709529" elapsed="0.571679"/>
</kw>
<status status="PASS" start="2026-03-17T23:37:11.708730" elapsed="0.572580"/>
</kw>
<status status="PASS" start="2026-03-17T23:36:39.491618" elapsed="32.789786"/>
</test>
<test id="s1-t28" name="CHAT30 - Warning Appears When Driver Types HTTP URL" line="513">
<kw name="Login As Passenger" owner="resource">
<kw name="Open Browser" owner="SeleniumLibrary">
<msg time="2026-03-17T23:37:12.284606" level="INFO">Opening browser 'Chrome' to base url 'http://csse0269.cpkku.com/login'.</msg>
<arg>${LOGIN URL}</arg>
<arg>${BROWSER}</arg>
<arg>alias=passenger_browser</arg>
<doc>Opens a new browser instance to the optional ``url``.</doc>
<status status="PASS" start="2026-03-17T23:37:12.284408" elapsed="2.286205"/>
</kw>
<kw name="Maximize Browser Window" owner="SeleniumLibrary">
<doc>Maximizes current browser window.</doc>
<status status="PASS" start="2026-03-17T23:37:14.571477" elapsed="0.878159"/>
</kw>
<kw name="Set Selenium Speed" owner="SeleniumLibrary">
<arg>${DELAY}</arg>
<doc>Sets the delay that is waited after each Selenium command.</doc>
<status status="PASS" start="2026-03-17T23:37:15.450328" elapsed="0.001270"/>
</kw>
<kw name="Title Should Be" owner="SeleniumLibrary">
<msg time="2026-03-17T23:37:15.968089" level="INFO">Page title is 'ไปนำแหน่'.</msg>
<arg>ไปนำแหน่</arg>
<doc>Verifies that the current page title equals ``title``.</doc>
<status status="PASS" start="2026-03-17T23:37:15.452115" elapsed="0.517244"/>
</kw>
<kw name="Input Username" owner="resource">
<kw name="Input Text" owner="SeleniumLibrary">
<msg time="2026-03-17T23:37:15.972995" level="INFO">Typing text 'Billy12' into text field 'id:identifier'.</msg>
<arg>id:identifier</arg>
<arg>${username}</arg>
<doc>Types the given ``text`` into the text field identified by ``locator``.</doc>
<status status="PASS" start="2026-03-17T23:37:15.972022" elapsed="1.668911"/>
</kw>
<arg>${PASSENGER USER}</arg>
<status status="PASS" start="2026-03-17T23:37:15.970616" elapsed="1.670977"/>
</kw>
<kw name="Input Password" owner="resource">
<kw name="Input Text" owner="SeleniumLibrary">
<msg time="2026-03-17T23:37:17.648871" level="INFO">Typing text 'billy12345678' into text field 'id:password'.</msg>
<arg>id:password</arg>
<arg>${password}</arg>
<doc>Types the given ``text`` into the text field identified by ``locator``.</doc>
<status status="PASS" start="2026-03-17T23:37:17.648333" elapsed="1.583166"/>
</kw>
<arg>${PASSENGER PASS}</arg>
<status status="PASS" start="2026-03-17T23:37:17.643754" elapsed="1.588296"/>
</kw>
<kw name="Submit Login" owner="resource">
<kw name="Click Button" owner="SeleniumLibrary">
<msg time="2026-03-17T23:37:19.234653" level="INFO">Clicking button 'xpath://button[@type="submit"]'.</msg>
<arg>xpath://button[@type="submit"]</arg>
<doc>Clicks the button identified by ``locator``.</doc>
<status status="PASS" start="2026-03-17T23:37:19.233962" elapsed="2.615946"/>
</kw>
<status status="PASS" start="2026-03-17T23:37:19.232964" elapsed="2.617261"/>
</kw>
<kw name="Sleep" owner="BuiltIn">
<msg time="2026-03-17T23:37:23.852899" level="INFO">Slept 2 seconds.</msg>
<arg>2s</arg>
<doc>Pauses the test executed for the given time.</doc>
<status status="PASS" start="2026-03-17T23:37:21.850591" elapsed="2.002702"/>
</kw>
<status status="PASS" start="2026-03-17T23:37:12.284193" elapsed="11.569445"/>
</kw>
<kw name="Sleep" owner="BuiltIn">
<msg time="2026-03-17T23:37:25.856661" level="INFO">Slept 2 seconds.</msg>
<arg>2s</arg>
<doc>Pauses the test executed for the given time.</doc>
<status status="PASS" start="2026-03-17T23:37:23.854538" elapsed="2.002476"/>
</kw>
<kw name="Go To My Trips Page" owner="resource">
<kw name="Go To" owner="SeleniumLibrary">
<msg time="2026-03-17T23:37:25.858566" level="INFO">Opening url 'http://csse0269.cpkku.com/myTrip'</msg>
<arg>${MY TRIPS URL}</arg>
<doc>Navigates the current browser window to the provided ``url``.</doc>
<status status="PASS" start="2026-03-17T23:37:25.858274" elapsed="0.715312"/>
</kw>
<kw name="Sleep" owner="BuiltIn">
<msg time="2026-03-17T23:37:28.576375" level="INFO">Slept 2 seconds.</msg>
<arg>2s</arg>
<doc>Pauses the test executed for the given time.</doc>
<status status="PASS" start="2026-03-17T23:37:26.574217" elapsed="2.002312"/>
</kw>
<status status="PASS" start="2026-03-17T23:37:25.857668" elapsed="2.719003"/>
</kw>
<kw name="Sleep" owner="BuiltIn">
<msg time="2026-03-17T23:37:30.577801" level="INFO">Slept 2 seconds.</msg>
<arg>2s</arg>
<doc>Pauses the test executed for the given time.</doc>
<status status="PASS" start="2026-03-17T23:37:28.576937" elapsed="2.001151"/>
</kw>
<kw name="Click Button" owner="SeleniumLibrary">
<msg time="2026-03-17T23:37:30.579252" level="INFO">Clicking button 'xpath://button[contains(@class,'tab-button') and contains(.,'ยืนยันแล้ว')]'.</msg>
<arg>xpath://button[contains(@class,'tab-button') and contains(.,'ยืนยันแล้ว')]</arg>
<doc>Clicks the button identified by ``locator``.</doc>
<status status="PASS" start="2026-03-17T23:37:30.578633" elapsed="2.617814"/>
</kw>
<kw name="Sleep" owner="BuiltIn">
<msg time="2026-03-17T23:37:35.200574" level="INFO">Slept 2 seconds.</msg>
<arg>2s</arg>
<doc>Pauses the test executed for the given time.</doc>
<status status="PASS" start="2026-03-17T23:37:33.197398" elapsed="2.004315"/>
</kw>
<kw name="Click Button" owner="SeleniumLibrary">
<msg time="2026-03-17T23:37:35.205102" level="INFO">Clicking button 'xpath://button[normalize-space()='แชทกับผู้ขับ']'.</msg>
<arg>xpath://button[normalize-space()='แชทกับผู้ขับ']</arg>
<doc>Clicks the button identified by ``locator``.</doc>
<status status="PASS" start="2026-03-17T23:37:35.203287" elapsed="2.605812"/>
</kw>
<kw name="Sleep" owner="BuiltIn">
<msg time="2026-03-17T23:37:39.811202" level="INFO">Slept 2 seconds.</msg>
<arg>2s</arg>
<doc>Pauses the test executed for the given time.</doc>
<status status="PASS" start="2026-03-17T23:37:37.809662" elapsed="2.001867"/>
</kw>
<kw name="Input Text" owner="SeleniumLibrary">
<msg time="2026-03-17T23:37:39.812826" level="INFO">Typing text 'ดูข้อมูลผมได้ที่ https://myprofile.example.com' into text field 'xpath://textarea[@placeholder='พิมพ์ข้อความ...']'.</msg>
<arg>${CHAT TEXTAREA}</arg>
<arg>ดูข้อมูลผมได้ที่ https://myprofile.example.com</arg>
<doc>Types the given ``text`` into the text field identified by ``locator``.</doc>
<status status="PASS" start="2026-03-17T23:37:39.812110" elapsed="1.619387"/>
</kw>
<kw name="Sleep" owner="BuiltIn">
<msg time="2026-03-17T23:37:42.434494" level="INFO">Slept 1 second.</msg>
<arg>1s</arg>
<doc>Pauses the test executed for the given time.</doc>
<status status="PASS" start="2026-03-17T23:37:41.432383" elapsed="1.002385"/>
</kw>
<kw name="Page Should Contain Element" owner="SeleniumLibrary">
<msg time="2026-03-17T23:37:42.953403" level="INFO">Current page contains element 'xpath://*[contains(text(),'ตรวจพบข้อมูลที่อาจเป็น')]'.</msg>
<arg>${PRIVACY WARNING}</arg>
<doc>Verifies that element ``locator`` is found on the current page.</doc>
<status status="PASS" start="2026-03-17T23:37:42.435411" elapsed="0.518287"/>
</kw>
<kw name="Page Should Contain" owner="SeleniumLibrary">
<msg time="2026-03-17T23:37:43.983158" level="INFO">Current page contains text 'ตรวจพบข้อมูลที่อาจเป็นลิงก์/URLในข้อความ กรุณาระวังการเปิดเผยข้อมูลส่วนตัว'.</msg>
<arg>ตรวจพบข้อมูลที่อาจเป็นลิงก์/URLในข้อความ กรุณาระวังการเปิดเผยข้อมูลส่วนตัว</arg>
<doc>Verifies that current page contains ``text``.</doc>
<status status="PASS" start="2026-03-17T23:37:42.954200" elapsed="1.029235"/>
</kw>
<kw name="Close Browser Session" owner="resource" type="TEARDOWN">
<kw name="Close Browser" owner="SeleniumLibrary">
<doc>Closes the current browser.</doc>
<status status="PASS" start="2026-03-17T23:37:43.985140" elapsed="0.567566"/>
</kw>
<status status="PASS" start="2026-03-17T23:37:43.984429" elapsed="0.568530"/>
</kw>
<doc>Driver พิมพ์ "https://myprofile.example.com"
ผลที่คาดหวัง: warning ปรากฏใต้ช่องพิมพ์</doc>
<status status="PASS" start="2026-03-17T23:37:12.283354" elapsed="32.269845"/>
</test>
<test id="s1-t29" name="CHAT31 - Warning Appears When Driver Types National ID Number" line="534">
<kw name="Login As Passenger" owner="resource">
<kw name="Open Browser" owner="SeleniumLibrary">
<msg time="2026-03-17T23:37:44.558329" level="INFO">Opening browser 'Chrome' to base url 'http://csse0269.cpkku.com/login'.</msg>
<arg>${LOGIN URL}</arg>
<arg>${BROWSER}</arg>
<arg>alias=passenger_browser</arg>
<doc>Opens a new browser instance to the optional ``url``.</doc>
<status status="PASS" start="2026-03-17T23:37:44.557816" elapsed="2.266818"/>
</kw>
<kw name="Maximize Browser Window" owner="SeleniumLibrary">
<doc>Maximizes current browser window.</doc>
<status status="PASS" start="2026-03-17T23:37:46.826224" elapsed="0.879910"/>
</kw>
<kw name="Set Selenium Speed" owner="SeleniumLibrary">
<arg>${DELAY}</arg>
<doc>Sets the delay that is waited after each Selenium command.</doc>
<status status="PASS" start="2026-03-17T23:37:47.707030" elapsed="0.001010"/>
</kw>
<kw name="Title Should Be" owner="SeleniumLibrary">
<msg time="2026-03-17T23:37:48.219562" level="INFO">Page title is 'ไปนำแหน่'.</msg>
<arg>ไปนำแหน่</arg>
<doc>Verifies that the current page title equals ``title``.</doc>
<status status="PASS" start="2026-03-17T23:37:47.708346" elapsed="0.511799"/>
</kw>
<kw name="Input Username" owner="resource">
<kw name="Input Text" owner="SeleniumLibrary">
<msg time="2026-03-17T23:37:48.223255" level="INFO">Typing text 'Billy12' into text field 'id:identifier'.</msg>
<arg>id:identifier</arg>
<arg>${username}</arg>
<doc>Types the given ``text`` into the text field identified by ``locator``.</doc>
<status status="PASS" start="2026-03-17T23:37:48.222491" elapsed="1.663569"/>
</kw>
<arg>${PASSENGER USER}</arg>
<status status="PASS" start="2026-03-17T23:37:48.221276" elapsed="1.665091"/>
</kw>
<kw name="Input Password" owner="resource">
<kw name="Input Text" owner="SeleniumLibrary">
<msg time="2026-03-17T23:37:49.887959" level="INFO">Typing text 'billy12345678' into text field 'id:password'.</msg>
<arg>id:password</arg>
<arg>${password}</arg>
<doc>Types the given ``text`` into the text field identified by ``locator``.</doc>
<status status="PASS" start="2026-03-17T23:37:49.887457" elapsed="1.571845"/>
</kw>
<arg>${PASSENGER PASS}</arg>
<status status="PASS" start="2026-03-17T23:37:49.886775" elapsed="1.572964"/>
</kw>
<kw name="Submit Login" owner="resource">
<kw name="Click Button" owner="SeleniumLibrary">
<msg time="2026-03-17T23:37:51.461301" level="INFO">Clicking button 'xpath://button[@type="submit"]'.</msg>
<arg>xpath://button[@type="submit"]</arg>
<doc>Clicks the button identified by ``locator``.</doc>
<status status="PASS" start="2026-03-17T23:37:51.460850" elapsed="2.610357"/>
</kw>
<status status="PASS" start="2026-03-17T23:37:51.460150" elapsed="2.611346"/>
</kw>
<kw name="Sleep" owner="BuiltIn">
<msg time="2026-03-17T23:37:56.074464" level="INFO">Slept 2 seconds.</msg>
<arg>2s</arg>
<doc>Pauses the test executed for the given time.</doc>
<status status="PASS" start="2026-03-17T23:37:54.071893" elapsed="2.002844"/>
</kw>
<status status="PASS" start="2026-03-17T23:37:44.557172" elapsed="11.517784"/>
</kw>
<kw name="Sleep" owner="BuiltIn">
<msg time="2026-03-17T23:37:58.076737" level="INFO">Slept 2 seconds.</msg>
<arg>2s</arg>
<doc>Pauses the test executed for the given time.</doc>
<status status="PASS" start="2026-03-17T23:37:56.075494" elapsed="2.001667"/>
</kw>
<kw name="Go To My Trips Page" owner="resource">
<kw name="Go To" owner="SeleniumLibrary">
<msg time="2026-03-17T23:37:58.079669" level="INFO">Opening url 'http://csse0269.cpkku.com/myTrip'</msg>
<arg>${MY TRIPS URL}</arg>
<doc>Navigates the current browser window to the provided ``url``.</doc>
<status status="PASS" start="2026-03-17T23:37:58.079257" elapsed="0.753510"/>
</kw>
<kw name="Sleep" owner="BuiltIn">
<msg time="2026-03-17T23:38:00.834590" level="INFO">Slept 2 seconds.</msg>
<arg>2s</arg>
<doc>Pauses the test executed for the given time.</doc>
<status status="PASS" start="2026-03-17T23:37:58.833217" elapsed="2.001631"/>
</kw>
<status status="PASS" start="2026-03-17T23:37:58.078228" elapsed="2.756829"/>
</kw>
<kw name="Sleep" owner="BuiltIn">
<msg time="2026-03-17T23:38:02.837198" level="INFO">Slept 2 seconds.</msg>
<arg>2s</arg>
<doc>Pauses the test executed for the given time.</doc>
<status status="PASS" start="2026-03-17T23:38:00.835385" elapsed="2.002158"/>
</kw>
<kw name="Click Button" owner="SeleniumLibrary">
<msg time="2026-03-17T23:38:02.838825" level="INFO">Clicking button 'xpath://button[contains(@class,'tab-button') and contains(.,'ยืนยันแล้ว')]'.</msg>
<arg>xpath://button[contains(@class,'tab-button') and contains(.,'ยืนยันแล้ว')]</arg>
<doc>Clicks the button identified by ``locator``.</doc>
<status status="PASS" start="2026-03-17T23:38:02.838231" elapsed="2.608253"/>
</kw>
<kw name="Sleep" owner="BuiltIn">
<msg time="2026-03-17T23:38:07.449825" level="INFO">Slept 2 seconds.</msg>
<arg>2s</arg>
<doc>Pauses the test executed for the given time.</doc>
<status status="PASS" start="2026-03-17T23:38:05.447113" elapsed="2.003192"/>
</kw>
<kw name="Click Button" owner="SeleniumLibrary">
<msg time="2026-03-17T23:38:07.451938" level="INFO">Clicking button 'xpath://button[normalize-space()='แชทกับผู้ขับ']'.</msg>
<arg>xpath://button[normalize-space()='แชทกับผู้ขับ']</arg>
<doc>Clicks the button identified by ``locator``.</doc>
<status status="PASS" start="2026-03-17T23:38:07.451179" elapsed="2.607453"/>
</kw>
<kw name="Sleep" owner="BuiltIn">
<msg time="2026-03-17T23:38:12.061122" level="INFO">Slept 2 seconds.</msg>
<arg>2s</arg>
<doc>Pauses the test executed for the given time.</doc>
<status status="PASS" start="2026-03-17T23:38:10.059503" elapsed="2.001888"/>
</kw>
<kw name="Input Text" owner="SeleniumLibrary">
<msg time="2026-03-17T23:38:12.062641" level="INFO">Typing text 'เลขบัตรผม 1234567890123 ครับ' into text field 'xpath://textarea[@placeholder='พิมพ์ข้อความ...']'.</msg>
<arg>${CHAT TEXTAREA}</arg>
<arg>เลขบัตรผม 1234567890123 ครับ</arg>
<doc>Types the given ``text`` into the text field identified by ``locator``.</doc>
<status status="PASS" start="2026-03-17T23:38:12.061965" elapsed="1.589383"/>
</kw>
<kw name="Sleep" owner="BuiltIn">
<msg time="2026-03-17T23:38:14.653335" level="INFO">Slept 1 second.</msg>
<arg>1s</arg>
<doc>Pauses the test executed for the given time.</doc>
<status status="PASS" start="2026-03-17T23:38:13.652017" elapsed="1.001673"/>
</kw>
<kw name="Page Should Contain Element" owner="SeleniumLibrary">
<msg time="2026-03-17T23:38:15.173583" level="INFO">Current page contains element 'xpath://*[contains(text(),'ตรวจพบข้อมูลที่อาจเป็น')]'.</msg>
<arg>${PRIVACY WARNING}</arg>
<doc>Verifies that element ``locator`` is found on the current page.</doc>
<status status="PASS" start="2026-03-17T23:38:14.654533" elapsed="0.519531"/>
</kw>
<kw name="Page Should Contain" owner="SeleniumLibrary">
<msg time="2026-03-17T23:38:16.199979" level="INFO">Current page contains text 'ตรวจพบข้อมูลที่อาจเป็นเลขบัตรประชาชน, เลขบัญชีธนาคารในข้อความ กรุณาระวังการเปิดเผยข้อมูลส่วนตัว'.</msg>
<arg>ตรวจพบข้อมูลที่อาจเป็นเลขบัตรประชาชน, เลขบัญชีธนาคารในข้อความ กรุณาระวังการเปิดเผยข้อมูลส่วนตัว</arg>
<doc>Verifies that current page contains ``text``.</doc>
<status status="PASS" start="2026-03-17T23:38:15.175037" elapsed="1.025574"/>
</kw>
<kw name="Close Browser Session" owner="resource" type="TEARDOWN">
<kw name="Close Browser" owner="SeleniumLibrary">
<doc>Closes the current browser.</doc>
<status status="PASS" start="2026-03-17T23:38:16.203445" elapsed="0.562383"/>
</kw>
<status status="PASS" start="2026-03-17T23:38:16.202510" elapsed="0.563950"/>
</kw>
<doc>Driver พิมพ์เลขบัตรประชาชน 13 หลัก "1234567890123"
ผลที่คาดหวัง: warning ปรากฏใต้ช่องพิมพ์</doc>
<status status="PASS" start="2026-03-17T23:37:44.554147" elapsed="32.212806"/>
</test>
<doc>Test Cases for Chat Feature - Task 10
Story: As a driver, I want to send a message to a passenger
without revealing too much personal information so that I can
communicate with them in a saver manner.

รวม 3 ไฟล์:
- test_chat_driver.robot    (CHAT01–CHAT04)
- test_chat_passenger.robot (CHAT07–CHAT09)
- test_chat_privacy.robot   (CHAT10–CHAT29)

Privacy Warning Behavior (จาก UI จริง):
- Warning แสดงใต้ช่องพิมพ์แบบ real-time ขณะพิมพ์ (ก่อนกด submit)
- ข้อความ warning: "ตรวจพบข้อมูลที่อาจเป็น[ประเภท]ในข้อความ
  กรุณาระวังการเปิดเผยข้อมูลส่วนตัว"
- ระบบยังคงแสดง warning แต่อนุญาตให้ส่งข้อความได้
  (warn-only — ไม่ได้ block การส่ง)</doc>
<status status="FAIL" start="2026-03-17T23:21:41.937601" elapsed="994.831314"/>
</suite>
<statistics>
<total>
<stat pass="28" fail="1" skip="0">All Tests</stat>
</total>
<tag>
</tag>
<suite>
<stat name="PBL 10 massaging" id="s1" pass="28" fail="1" skip="0">PBL 10 massaging</stat>
</suite>
</statistics>
<errors>
</errors>
</robot>
